-------------------------------------------------------------------------------------------
      name:  <unnamed>
       log:  /Users/frankdemacbookpro/Dropbox/SSE_yr2/Applied_Empirical/Yifan_Lyu/Task6/Log
> /Task6.log
  log type:  text
 opened on:   5 Oct 2021, 17:01:11

. 
. * clean
. foreach name in "92_02" "02_11" {
  2.         import delimited "${path}/Build/Raw/growthdata`name'.csv", clear
  3.         qui ds v1 iso3, not  // exclude 
  4.         * normalise variable
.         foreach var of varlist `r(varlist)' {
  5.         qui su `var'
  6.         gen `var'_norm = (`var' - r(mean) )/(r(sd))  // mean zero, variance 1
  7.         }
  8.         drop ln_y_norm // we only use ln_y, y is not normalised
  9. save "${path}/Build/Output/`name'_cleaned.dta", replace
 10. }
- foreach name in "92_02" "02_11" {
- import delimited "${path}/Build/Raw/growthdata`name'.csv", clear
= import delimited "/Users/frankdemacbookpro/Dropbox/SSE_yr2/Applied_Empirical/Yifan_Lyu/Ta
> sk6/Build/Raw/growthdata92_02.csv", clear
  ------------------------------------------------------------------------ begin import ---
  - version 12
  - local version : di "version " string(_caller()) ":"
  - gettoken subcmd 0 : 0, parse(" ,")
  - if `"`subcmd'"' == "dbase" {
  = if `"delimited"' == "dbase" {
    `version' ImpDbase `macval(0)'
    }
  - else if `"`subcmd'"' == "delim" {
  = else if `"delimited"' == "delim" {
    `version' ImpDelim `macval(0)'
    }
  - else if `"`subcmd'"' == "delimi" {
  = else if `"delimited"' == "delimi" {
    `version' ImpDelim `macval(0)'
    }
  - else if `"`subcmd'"' == "delimit" {
  = else if `"delimited"' == "delimit" {
    `version' ImpDelim `macval(0)'
    }
  - else if `"`subcmd'"' == "delimite" {
  = else if `"delimited"' == "delimite" {
    `version' ImpDelim `macval(0)'
    }
  - else if `"`subcmd'"' == "delimited" {
  = else if `"delimited"' == "delimited" {
  - `version' ImpDelim `macval(0)'
  = version 16.1: ImpDelim  "/Users/frankdemacbookpro/Dropbox/SSE_yr2/Applied_Empirical/Yif
> an_Lyu/Task6/Build/Raw/growthdata92_02.csv", clear
    ------------------------------------------------------------- begin import.ImpDelim ---
    - version 13
    - local version : di "version " string(_caller()) ":"
    - `version' import_delimited `macval(0)'
    = version 16.1: import_delimited "/Users/frankdemacbookpro/Dropbox/SSE_yr2/Applied_Empi
> rical/Yifan_Lyu/Task6/Build/Raw/growthdata92_02.csv", clear
      ---------------------------------------------------------- begin import_delimited ---
      - local ver : display "version " string(_caller()) ", missing:"
      - version 14
      - gettoken filename rest : 0, parse(" ,")
      - gettoken comma : rest, parse(" ,")
      - if (`"`filename'"' != "" & (trim(`"`comma'"') == "," | trim(`"`comma'"') == "")) {
      = if (`"/Users/frankdemacbookpro/Dropbox/SSE_yr2/Applied_Empirical/Yifan_Lyu/Task6/Bu
> ild/Raw/growthdata92_02.csv"' != "" & (trim(`","') == "," | trim(`","') == "")) {
      - local 0 `"using `0'"'
      = local 0 `"using "/Users/frankdemacbookpro/Dropbox/SSE_yr2/Applied_Empirical/Yifan_L
> yu/Task6/Build/Raw/growthdata92_02.csv", clear"'
      - }
      - capture syntax using/ [, DELIMiters(string asis) ROWRange(string) COLRange(string) 
> VARNames(string) case(string) ASDOUBle ASFLOat FAVORSTRFixed clear BINDQuotes(string) STR
> IPQuotes(string) NUMERICCols(string) STRINGCols(string) CHARSET(string) ENCoding(string) 
> PARSELocale(string) GROUPSeparator(string) DECIMALSeparator(string) MAXQUOTEDRows(string)
>  COLLAPSEDelimiters]
      - if _rc {
        syntax [anything(name=vlist id="vlist")] using/ [, DELIMiters(string asis) ROWRange
> (string) COLRange(string) VARNames(string) case(string) ASDOUBle ASFLOat FAVORSTRFixed cl
> ear BINDQuotes(string) STRIPQuotes(string) NUMERICCols(string) STRINGCols(string) CHARSET
> (string) ENCoding(string) PARSELocale(string) GROUPSeparator(string) DECIMALSeparator(str
> ing) MAXQUOTEDRows(string) COLLAPSEDelimiters]
        }
      - mata:import_delim_import_file()
        ------------------------------------------------------------------- begin clear ---
        - if _caller() < 10 {
          _clear_9 `0'
          exit
          }
        - version 10
        - syntax [anything]
        - tokenize `anything'
        = tokenize 
        - if `"`2'"' != "" {
        = if `""' != "" {
          display as err "`2' not allowed"
          exit 198
          }
        - if "`1'"=="" {
        = if ""=="" {
        - drop _all
        - label drop _all
          ----------------------------------------------------------------- begin label ---
          - version 10.0
          - local vv : display "version " string(_caller()) ", missing:"
          - gettoken val : 0
          - if (strpos("`val'", "val") > 0 ) {
          = if (strpos("drop", "val") > 0 ) {
            gettoken val 0 : 0
            syntax anything [, nofix]
            if "`fix'" != "" {
            local fix ", nofix"
            }
            gettoken var rest : anything
            while `"`rest'"' != "" {
            gettoken lab rest : rest
            local label "`lab'"
            }
            local vlist : list anything - lab
            if "`lab'" == "." {
            local lab ""
            }
            foreach var of varlist `vlist' {
            `vv' _label `val' `var' `lab' `fix'
            }
            }
          - else {
          - `vv' _label `macval(0)'
          = version 10, missing: _label drop _all
          - }
          ------------------------------------------------------------------- end label ---
        - }
        - else if "`1'"=="frames" {
        = else if ""=="frames" {
          frames reset
          }
        - else if "`1'"=="mata" {
        = else if ""=="mata" {
          mata: mata clear
          }
        - else if "`1'"=="python" {
        = else if ""=="python" {
          python clear
          }
        - else if inlist("`1'", "results", "matrix") {
        = else if inlist("", "results", "matrix") {
          return clear
          clearreturn
          ereturn clear
          sreturn clear
          _return drop _all
          if ("`1'" == "matrix") {
          matrix drop _all
          _est drop _all
          }
          }
        - else if "`1'"=="programs" {
        = else if ""=="programs" {
          program drop _all
          }
        - else if "`1'"=="ado" {
        = else if ""=="ado" {
          program drop _allado
          }
        - else if "`1'"=="rngstream" | "`1'"=="rngstreams" {
        = else if ""=="rngstream" | ""=="rngstreams" {
          set rngstream clear
          }
        - else if "`1'"=="*" | "`1'"=="all" {
        = else if ""=="*" | ""=="all" {
          capture mata: st_local("semmods", strofreal(sg__global.hasmodels()))
          capture
          if (0`semmods') {
          display as err "-clear all- not allowed while an SEM Builder is open"
          exit 1
          }
          drop _all
          frames reset
          label drop _all
          matrix drop _all
          scalar drop _all
          constraint drop _all
          eq drop _all
          file close _all
          postutil clear
          _return drop _all
          discard
          program drop _all
          timer clear
          mata: _st__put_cmd_clear()
          mata: mata clear
          python clear
          }
        - else {
          display as err "`1' not allowed"
          exit 198
          }
        --------------------------------------------------------------------- end clear ---
        ------------------------------------------------------------------- begin clear ---
        - if _caller() < 10 {
          _clear_9 `0'
          exit
          }
        - version 10
        - syntax [anything]
        - tokenize `anything'
        = tokenize 
        - if `"`2'"' != "" {
        = if `""' != "" {
          display as err "`2' not allowed"
          exit 198
          }
        - if "`1'"=="" {
        = if ""=="" {
        - drop _all
        - label drop _all
          ----------------------------------------------------------------- begin label ---
          - version 10.0
          - local vv : display "version " string(_caller()) ", missing:"
          - gettoken val : 0
          - if (strpos("`val'", "val") > 0 ) {
          = if (strpos("drop", "val") > 0 ) {
            gettoken val 0 : 0
            syntax anything [, nofix]
            if "`fix'" != "" {
            local fix ", nofix"
            }
            gettoken var rest : anything
            while `"`rest'"' != "" {
            gettoken lab rest : rest
            local label "`lab'"
            }
            local vlist : list anything - lab
            if "`lab'" == "." {
            local lab ""
            }
            foreach var of varlist `vlist' {
            `vv' _label `val' `var' `lab' `fix'
            }
            }
          - else {
          - `vv' _label `macval(0)'
          = version 10, missing: _label drop _all
          - }
          ------------------------------------------------------------------- end label ---
        - }
        - else if "`1'"=="frames" {
        = else if ""=="frames" {
          frames reset
          }
        - else if "`1'"=="mata" {
        = else if ""=="mata" {
          mata: mata clear
          }
        - else if "`1'"=="python" {
        = else if ""=="python" {
          python clear
          }
        - else if inlist("`1'", "results", "matrix") {
        = else if inlist("", "results", "matrix") {
          return clear
          clearreturn
          ereturn clear
          sreturn clear
          _return drop _all
          if ("`1'" == "matrix") {
          matrix drop _all
          _est drop _all
          }
          }
        - else if "`1'"=="programs" {
        = else if ""=="programs" {
          program drop _all
          }
        - else if "`1'"=="ado" {
        = else if ""=="ado" {
          program drop _allado
          }
        - else if "`1'"=="rngstream" | "`1'"=="rngstreams" {
        = else if ""=="rngstream" | ""=="rngstreams" {
          set rngstream clear
          }
        - else if "`1'"=="*" | "`1'"=="all" {
        = else if ""=="*" | ""=="all" {
          capture mata: st_local("semmods", strofreal(sg__global.hasmodels()))
          capture
          if (0`semmods') {
          display as err "-clear all- not allowed while an SEM Builder is open"
          exit 1
          }
          drop _all
          frames reset
          label drop _all
          matrix drop _all
          scalar drop _all
          constraint drop _all
          eq drop _all
          file close _all
          postutil clear
          _return drop _all
          discard
          program drop _all
          timer clear
          mata: _st__put_cmd_clear()
          mata: mata clear
          python clear
          }
        - else {
          display as err "`1' not allowed"
          exit 198
          }
        --------------------------------------------------------------------- end clear ---
(30 vars, 112 obs)
      - return add
      ------------------------------------------------------------ end import_delimited ---
    --------------------------------------------------------------- end import.ImpDelim ---
  - }
  - else if `"`subcmd'"' == "exc" {
  = else if `"delimited"' == "exc" {
    ImpExcel `macval(0)'
    }
  - else if `"`subcmd'"' == "exce" {
  = else if `"delimited"' == "exce" {
    ImpExcel `macval(0)'
    }
  - else if `"`subcmd'"' == "excel" {
  = else if `"delimited"' == "excel" {
    ImpExcel `macval(0)'
    }
  - else if `"`subcmd'"' == "fred" {
  = else if `"delimited"' == "fred" {
    ImpFred `macval(0)'
    }
  - else if `"`subcmd'"' == "hav" {
  = else if `"delimited"' == "hav" {
    ImpHaver `macval(0)'
    }
  - else if `"`subcmd'"' == "have" {
  = else if `"delimited"' == "have" {
    ImpHaver `macval(0)'
    }
  - else if `"`subcmd'"' == "haver" {
  = else if `"delimited"' == "haver" {
    ImpHaver `macval(0)'
    }
  - else if `"`subcmd'"' == "sas" {
  = else if `"delimited"' == "sas" {
    ImpSas `macval(0)'
    }
  - else if `"`subcmd'"' == "sasxport5" {
  = else if `"delimited"' == "sasxport5" {
    ImpSasxport5 `macval(0)'
    }
  - else if `"`subcmd'"' == "sasxport8" {
  = else if `"delimited"' == "sasxport8" {
    ImpSasxport8 `macval(0)'
    }
  - else if `"`subcmd'"' == "sasxport" {
  = else if `"delimited"' == "sasxport" {
    if (_caller() < 16) {
    ImpSasxport5 `macval(0)'
    }
    else {
    di as error "invalid syntax"
    di as error "   specify either {cmd:import sasxport5} or {cmd:import sasxport8}"
    exit 198
    }
    }
  - else if `"`subcmd'"' == "shp" {
  = else if `"delimited"' == "shp" {
    ImpShape `macval(0)'
    }
  - else if `"`subcmd'"' == "spss" {
  = else if `"delimited"' == "spss" {
    ImpSpss `macval(0)'
    }
  - else {
    display as error `"import: unknown subcommand "`subcmd'""'
    exit 198
    }
  -------------------------------------------------------------------------- end import ---
- qui ds v1 iso3, not
  ---------------------------------------------------------------------------- begin ds ---
  - version 9
  - local version : di "version " string(_caller()) ":"
  - if (_caller() <= 4) {
    `version' describe, simple
    exit
    }
  - else {
  - ds_util `0'
  = ds_util v1 iso3, not
    --------------------------------------------------------------------- begin ds_util ---
    - version 8
    - syntax [varlist] [, HAS(str asis) NOT(str asis) NOT2 INSEnsitive Detail Alpha Varwidt
> h(int 12) Skip(int 2) INDENT(int 0)]
    - if "`varlist'" == "" {
    = if "v1 iso3" == "" {
      exit
      }
    - if !inrange(`indent',0,244) {
    = if !inrange(0,0,244) {
      di as err "indent() should be in the range 0..244"
      exit 198
      }
    - if !inrange(`varwidth',5,32) {
    = if !inrange(12,5,32) {
      di as err "varwidth() should be in the range 5..32"
      exit 198
      }
    - if !inrange(`skip',1,10) {
    = if !inrange(2,1,10) {
      di as err "skip() should be in the range 1..10"
      exit 198
      }
    - local nopts = (`"`has'"' != "") + (`"`not'"' != "") + ("`not2'" != "")
    = local nopts = (`""' != "") + (`""' != "") + ("not2" != "")
    - if `nopts' == 3 {
    = if 1 == 3 {
      di as err "may not combine options has(), not(), and not"
      exit 198
      }
    - else if `nopts' == 2 {
    = else if 1 == 2 {
      if (`"`has'"' == "") {
      di as err "may not combine options not() and not"
      exit 198
      }
      else if (`"`not'"' == "") {
      di as err "may not combine options has() and not"
      exit 198
      }
      else if (`"`not2'"' == "") {
      di as err "may not combine options has() and not()"
      exit 198
      }
      }
    - if `"`not'"' != "" {
    = if `""' != "" {
      local has `"`not'"'
      local opt "not"
      }
    - else if `"`has'"' != "" {
    = else if `""' != "" {
      local opt "has"
      }
    - local inse = "`insensitive'" != ""
    = local inse = "" != ""
    - if `"`has'"' != "" {
    = if `""' != "" {
      CheckHas `"`has'"' "`opt'" "`inse'"
      if "`what'" == "varl" | "`what'" == "vall" {
      VarlVall "`what'" `"`which'"' "`varlist'" "`inse'"
      }
      else if "`what'" == "f" {
      Format `"`which'"' "`varlist'" "`inse'"
      }
      else if "`what'" == "c" {
      Char `"`which'"' "`varlist'" "`inse'"
      }
      else if "`what'" == "t" {
      Type `"`which'"' "`varlist'"
      }
      if `"`not'"' != "" {
      local varlist : list varlist - vlist
      }
      else if `"`has'"' != "" {
      local varlist "`vlist'"
      }
      }
    - if `"`not2'"' != "" {
    = if `"not2"' != "" {
    - unab all : *
      ---------------------------------------------------------------------- begin unab ---
      - version 6
      - gettoken user 0: 0, parse(" :")
      - gettoken colon 0: 0, parse(" :")
      - if `"`colon'"' != ":" { error 198 }
      = if `":"' != ":" { error 198 }
      - syntax [varlist(default=empty)] [, MIN(integer 1) MAX(integer 120000) NAME(string)]
      - c_local `user' `varlist'
      = c_local all v1 iso3 ln_y growth hc gvmnt_c gcf ext_bal trade inflation fem_emp tot_
> emp inf_mort lexp tfr age_dep_old age_dep_young urban yrsoffc military competitiveness_le
> g competitiveness_exec parliamentary presidential voice stability effectiveness regulatio
> n law corruption
      - local n : word count `varlist'
      = local n : word count v1 iso3 ln_y growth hc gvmnt_c gcf ext_bal trade inflation fem
> _emp tot_emp inf_mort lexp tfr age_dep_old age_dep_young urban yrsoffc military competiti
> veness_leg competitiveness_exec parliamentary presidential voice stability effectiveness 
> regulation law corruption
      - if `n'>=`min' & `n'<=`max' { exit }
      = if 30>=1 & 30<=120000 { exit }
      ------------------------------------------------------------------------ end unab ---
    - local varlist : list all - varlist
    - }
    - if "`varlist'" == "" {
    = if "ln_y growth hc gvmnt_c gcf ext_bal trade inflation fem_emp tot_emp inf_mort lexp 
> tfr age_dep_old age_dep_young urban yrsoffc military competitiveness_leg competitiveness_
> exec parliamentary presidential voice stability effectiveness regulation law corruption" 
> == "" {
      exit
      }
    - if "`alpha'" != "" {
    = if "" != "" {
      local varlist : list sort varlist
      }
    - if "`detail'" != "" {
    = if "" != "" {
      describe `varlist'
      }
    - else {
    - local nvar : word count `varlist'
    = local nvar : word count ln_y growth hc gvmnt_c gcf ext_bal trade inflation fem_emp to
> t_emp inf_mort lexp tfr age_dep_old age_dep_young urban yrsoffc military competitiveness_
> leg competitiveness_exec parliamentary presidential voice stability effectiveness regulat
> ion law corruption
    - local ncol = int((`:set linesize' + `skip') / (`varwidth' + `skip'))
    = local ncol = int((91 + 2) / (12 + 2))
    - local i 0
    - local vlist
    - foreach v of local varlist {
    - local vlist `"`vlist' `= abbrev("`v'",`varwidth')'"'
    = local vlist `" ln_y"'
    - }
    - local vlist `"`vlist' `= abbrev("`v'",`varwidth')'"'
    = local vlist `" ln_y growth"'
    - }
    - local vlist `"`vlist' `= abbrev("`v'",`varwidth')'"'
    = local vlist `" ln_y growth hc"'
    - }
    - local vlist `"`vlist' `= abbrev("`v'",`varwidth')'"'
    = local vlist `" ln_y growth hc gvmnt_c"'
    - }
    - local vlist `"`vlist' `= abbrev("`v'",`varwidth')'"'
    = local vlist `" ln_y growth hc gvmnt_c gcf"'
    - }
    - local vlist `"`vlist' `= abbrev("`v'",`varwidth')'"'
    = local vlist `" ln_y growth hc gvmnt_c gcf ext_bal"'
    - }
    - local vlist `"`vlist' `= abbrev("`v'",`varwidth')'"'
    = local vlist `" ln_y growth hc gvmnt_c gcf ext_bal trade"'
    - }
    - local vlist `"`vlist' `= abbrev("`v'",`varwidth')'"'
    = local vlist `" ln_y growth hc gvmnt_c gcf ext_bal trade inflation"'
    - }
    - local vlist `"`vlist' `= abbrev("`v'",`varwidth')'"'
    = local vlist `" ln_y growth hc gvmnt_c gcf ext_bal trade inflation fem_emp"'
    - }
    - local vlist `"`vlist' `= abbrev("`v'",`varwidth')'"'
    = local vlist `" ln_y growth hc gvmnt_c gcf ext_bal trade inflation fem_emp tot_emp"'
    - }
    - local vlist `"`vlist' `= abbrev("`v'",`varwidth')'"'
    = local vlist `" ln_y growth hc gvmnt_c gcf ext_bal trade inflation fem_emp tot_emp inf
> _mort"'
    - }
    - local vlist `"`vlist' `= abbrev("`v'",`varwidth')'"'
    = local vlist `" ln_y growth hc gvmnt_c gcf ext_bal trade inflation fem_emp tot_emp inf
> _mort lexp"'
    - }
    - local vlist `"`vlist' `= abbrev("`v'",`varwidth')'"'
    = local vlist `" ln_y growth hc gvmnt_c gcf ext_bal trade inflation fem_emp tot_emp inf
> _mort lexp tfr"'
    - }
    - local vlist `"`vlist' `= abbrev("`v'",`varwidth')'"'
    = local vlist `" ln_y growth hc gvmnt_c gcf ext_bal trade inflation fem_emp tot_emp inf
> _mort lexp tfr age_dep_old"'
    - }
    - local vlist `"`vlist' `= abbrev("`v'",`varwidth')'"'
    = local vlist `" ln_y growth hc gvmnt_c gcf ext_bal trade inflation fem_emp tot_emp inf
> _mort lexp tfr age_dep_old age_dep_yo~g"'
    - }
    - local vlist `"`vlist' `= abbrev("`v'",`varwidth')'"'
    = local vlist `" ln_y growth hc gvmnt_c gcf ext_bal trade inflation fem_emp tot_emp inf
> _mort lexp tfr age_dep_old age_dep_yo~g urban"'
    - }
    - local vlist `"`vlist' `= abbrev("`v'",`varwidth')'"'
    = local vlist `" ln_y growth hc gvmnt_c gcf ext_bal trade inflation fem_emp tot_emp inf
> _mort lexp tfr age_dep_old age_dep_yo~g urban yrsoffc"'
    - }
    - local vlist `"`vlist' `= abbrev("`v'",`varwidth')'"'
    = local vlist `" ln_y growth hc gvmnt_c gcf ext_bal trade inflation fem_emp tot_emp inf
> _mort lexp tfr age_dep_old age_dep_yo~g urban yrsoffc military"'
    - }
    - local vlist `"`vlist' `= abbrev("`v'",`varwidth')'"'
    = local vlist `" ln_y growth hc gvmnt_c gcf ext_bal trade inflation fem_emp tot_emp inf
> _mort lexp tfr age_dep_old age_dep_yo~g urban yrsoffc military competitiv~g"'
    - }
    - local vlist `"`vlist' `= abbrev("`v'",`varwidth')'"'
    = local vlist `" ln_y growth hc gvmnt_c gcf ext_bal trade inflation fem_emp tot_emp inf
> _mort lexp tfr age_dep_old age_dep_yo~g urban yrsoffc military competitiv~g competitiv~c"
> '
    - }
    - local vlist `"`vlist' `= abbrev("`v'",`varwidth')'"'
    = local vlist `" ln_y growth hc gvmnt_c gcf ext_bal trade inflation fem_emp tot_emp inf
> _mort lexp tfr age_dep_old age_dep_yo~g urban yrsoffc military competitiv~g competitiv~c 
> parliament~y"'
    - }
    - local vlist `"`vlist' `= abbrev("`v'",`varwidth')'"'
    = local vlist `" ln_y growth hc gvmnt_c gcf ext_bal trade inflation fem_emp tot_emp inf
> _mort lexp tfr age_dep_old age_dep_yo~g urban yrsoffc military competitiv~g competitiv~c 
> parliament~y presidential"'
    - }
    - local vlist `"`vlist' `= abbrev("`v'",`varwidth')'"'
    = local vlist `" ln_y growth hc gvmnt_c gcf ext_bal trade inflation fem_emp tot_emp inf
> _mort lexp tfr age_dep_old age_dep_yo~g urban yrsoffc military competitiv~g competitiv~c 
> parliament~y presidential voice"'
    - }
    - local vlist `"`vlist' `= abbrev("`v'",`varwidth')'"'
    = local vlist `" ln_y growth hc gvmnt_c gcf ext_bal trade inflation fem_emp tot_emp inf
> _mort lexp tfr age_dep_old age_dep_yo~g urban yrsoffc military competitiv~g competitiv~c 
> parliament~y presidential voice stability"'
    - }
    - local vlist `"`vlist' `= abbrev("`v'",`varwidth')'"'
    = local vlist `" ln_y growth hc gvmnt_c gcf ext_bal trade inflation fem_emp tot_emp inf
> _mort lexp tfr age_dep_old age_dep_yo~g urban yrsoffc military competitiv~g competitiv~c 
> parliament~y presidential voice stability effectiven~s"'
    - }
    - local vlist `"`vlist' `= abbrev("`v'",`varwidth')'"'
    = local vlist `" ln_y growth hc gvmnt_c gcf ext_bal trade inflation fem_emp tot_emp inf
> _mort lexp tfr age_dep_old age_dep_yo~g urban yrsoffc military competitiv~g competitiv~c 
> parliament~y presidential voice stability effectiven~s regulation"'
    - }
    - local vlist `"`vlist' `= abbrev("`v'",`varwidth')'"'
    = local vlist `" ln_y growth hc gvmnt_c gcf ext_bal trade inflation fem_emp tot_emp inf
> _mort lexp tfr age_dep_old age_dep_yo~g urban yrsoffc military competitiv~g competitiv~c 
> parliament~y presidential voice stability effectiven~s regulation law"'
    - }
    - local vlist `"`vlist' `= abbrev("`v'",`varwidth')'"'
    = local vlist `" ln_y growth hc gvmnt_c gcf ext_bal trade inflation fem_emp tot_emp inf
> _mort lexp tfr age_dep_old age_dep_yo~g urban yrsoffc military competitiv~g competitiv~c 
> parliament~y presidential voice stability effectiven~s regulation law corruption"'
    - }
    - DisplayInCols txt `indent' `skip' 0 `vlist'
    = DisplayInCols txt 0 2 0  ln_y growth hc gvmnt_c gcf ext_bal trade inflation fem_emp t
> ot_emp inf_mort lexp tfr age_dep_old age_dep_yo~g urban yrsoffc military competitiv~g com
> petitiv~c parliament~y presidential voice stability effectiven~s regulation law corruptio
> n
      ----------------------------------------------------- begin ds_util.DisplayInCols ---
      - gettoken sty 0 : 0
      - gettoken indent 0 : 0
      - gettoken pad 0 : 0
      - gettoken wid 0 : 0
      - local indent = cond(`indent'==. | `indent'<0, 0, `indent')
      = local indent = cond(0==. | 0<0, 0, 0)
      - local pad = cond(`pad'==. | `pad'<1, 2, `pad')
      = local pad = cond(2==. | 2<1, 2, 2)
      - local wid = cond(`wid'==. | `wid'<0, 0, `wid')
      = local wid = cond(0==. | 0<0, 0, 0)
      - local n : list sizeof 0
      - if `n'==0 {
      = if 28==0 {
        exit
        }
      - foreach x of local 0 {
      - local wid = max(`wid', length(`"`x'"'))
      = local wid = max(0, length(`"ln_y"'))
      - }
      - local wid = max(`wid', length(`"`x'"'))
      = local wid = max(4, length(`"growth"'))
      - }
      - local wid = max(`wid', length(`"`x'"'))
      = local wid = max(6, length(`"hc"'))
      - }
      - local wid = max(`wid', length(`"`x'"'))
      = local wid = max(6, length(`"gvmnt_c"'))
      - }
      - local wid = max(`wid', length(`"`x'"'))
      = local wid = max(7, length(`"gcf"'))
      - }
      - local wid = max(`wid', length(`"`x'"'))
      = local wid = max(7, length(`"ext_bal"'))
      - }
      - local wid = max(`wid', length(`"`x'"'))
      = local wid = max(7, length(`"trade"'))
      - }
      - local wid = max(`wid', length(`"`x'"'))
      = local wid = max(7, length(`"inflation"'))
      - }
      - local wid = max(`wid', length(`"`x'"'))
      = local wid = max(9, length(`"fem_emp"'))
      - }
      - local wid = max(`wid', length(`"`x'"'))
      = local wid = max(9, length(`"tot_emp"'))
      - }
      - local wid = max(`wid', length(`"`x'"'))
      = local wid = max(9, length(`"inf_mort"'))
      - }
      - local wid = max(`wid', length(`"`x'"'))
      = local wid = max(9, length(`"lexp"'))
      - }
      - local wid = max(`wid', length(`"`x'"'))
      = local wid = max(9, length(`"tfr"'))
      - }
      - local wid = max(`wid', length(`"`x'"'))
      = local wid = max(9, length(`"age_dep_old"'))
      - }
      - local wid = max(`wid', length(`"`x'"'))
      = local wid = max(11, length(`"age_dep_yo~g"'))
      - }
      - local wid = max(`wid', length(`"`x'"'))
      = local wid = max(12, length(`"urban"'))
      - }
      - local wid = max(`wid', length(`"`x'"'))
      = local wid = max(12, length(`"yrsoffc"'))
      - }
      - local wid = max(`wid', length(`"`x'"'))
      = local wid = max(12, length(`"military"'))
      - }
      - local wid = max(`wid', length(`"`x'"'))
      = local wid = max(12, length(`"competitiv~g"'))
      - }
      - local wid = max(`wid', length(`"`x'"'))
      = local wid = max(12, length(`"competitiv~c"'))
      - }
      - local wid = max(`wid', length(`"`x'"'))
      = local wid = max(12, length(`"parliament~y"'))
      - }
      - local wid = max(`wid', length(`"`x'"'))
      = local wid = max(12, length(`"presidential"'))
      - }
      - local wid = max(`wid', length(`"`x'"'))
      = local wid = max(12, length(`"voice"'))
      - }
      - local wid = max(`wid', length(`"`x'"'))
      = local wid = max(12, length(`"stability"'))
      - }
      - local wid = max(`wid', length(`"`x'"'))
      = local wid = max(12, length(`"effectiven~s"'))
      - }
      - local wid = max(`wid', length(`"`x'"'))
      = local wid = max(12, length(`"regulation"'))
      - }
      - local wid = max(`wid', length(`"`x'"'))
      = local wid = max(12, length(`"law"'))
      - }
      - local wid = max(`wid', length(`"`x'"'))
      = local wid = max(12, length(`"corruption"'))
      - }
      - local wid = `wid' + `pad'
      = local wid = 12 + 2
      - local cols = int((`c(linesize)'+1-`indent')/`wid')
      = local cols = int((91+1-0)/14)
      - if `cols' < 2 {
      = if 6 < 2 {
        if `indent' {
        local col "_column(`=`indent'+1')"
        }
        foreach x of local 0 {
        di as `sty' `col' `"`x'"'
        }
        exit
        }
      - local lines = `n'/`cols'
      = local lines = 28/6
      - local lines = int(cond(`lines'>int(`lines'), `lines'+1, `lines'))
      = local lines = int(cond(4.666666666666667>int(4.666666666666667), 4.666666666666667+
> 1, 4.666666666666667))
      - forvalues i=1(1)`lines' {
      = forvalues i=1(1)5 {
      - local top = min((`cols')*`lines'+`i', `n')
      = local top = min((6)*5+1, 28)
      - local col = `indent' + 1
      = local col = 0 + 1
      - forvalues j=`i'(`lines')`top' {
      = forvalues j=1(5)28 {
      - local x : word `j' of `0'
      = local x : word 1 of   ln_y growth hc gvmnt_c gcf ext_bal trade inflation fem_emp to
> t_emp inf_mort lexp tfr age_dep_old age_dep_yo~g urban yrsoffc military competitiv~g comp
> etitiv~c parliament~y presidential voice stability effectiven~s regulation law corruption
      - di as `sty' _column(`col') "`x'" _c
      = di as txt _column(1) "ln_y" _c
      - local col = `col' + `wid'
      = local col = 1 + 14
      - }
      - local x : word `j' of `0'
      = local x : word 6 of   ln_y growth hc gvmnt_c gcf ext_bal trade inflation fem_emp to
> t_emp inf_mort lexp tfr age_dep_old age_dep_yo~g urban yrsoffc military competitiv~g comp
> etitiv~c parliament~y presidential voice stability effectiven~s regulation law corruption
      - di as `sty' _column(`col') "`x'" _c
      = di as txt _column(15) "ext_bal" _c
      - local col = `col' + `wid'
      = local col = 15 + 14
      - }
      - local x : word `j' of `0'
      = local x : word 11 of   ln_y growth hc gvmnt_c gcf ext_bal trade inflation fem_emp t
> ot_emp inf_mort lexp tfr age_dep_old age_dep_yo~g urban yrsoffc military competitiv~g com
> petitiv~c parliament~y presidential voice stability effectiven~s regulation law corruptio
> n
      - di as `sty' _column(`col') "`x'" _c
      = di as txt _column(29) "inf_mort" _c
      - local col = `col' + `wid'
      = local col = 29 + 14
      - }
      - local x : word `j' of `0'
      = local x : word 16 of   ln_y growth hc gvmnt_c gcf ext_bal trade inflation fem_emp t
> ot_emp inf_mort lexp tfr age_dep_old age_dep_yo~g urban yrsoffc military competitiv~g com
> petitiv~c parliament~y presidential voice stability effectiven~s regulation law corruptio
> n
      - di as `sty' _column(`col') "`x'" _c
      = di as txt _column(43) "urban" _c
      - local col = `col' + `wid'
      = local col = 43 + 14
      - }
      - local x : word `j' of `0'
      = local x : word 21 of   ln_y growth hc gvmnt_c gcf ext_bal trade inflation fem_emp t
> ot_emp inf_mort lexp tfr age_dep_old age_dep_yo~g urban yrsoffc military competitiv~g com
> petitiv~c parliament~y presidential voice stability effectiven~s regulation law corruptio
> n
      - di as `sty' _column(`col') "`x'" _c
      = di as txt _column(57) "parliament~y" _c
      - local col = `col' + `wid'
      = local col = 57 + 14
      - }
      - local x : word `j' of `0'
      = local x : word 26 of   ln_y growth hc gvmnt_c gcf ext_bal trade inflation fem_emp t
> ot_emp inf_mort lexp tfr age_dep_old age_dep_yo~g urban yrsoffc military competitiv~g com
> petitiv~c parliament~y presidential voice stability effectiven~s regulation law corruptio
> n
      - di as `sty' _column(`col') "`x'" _c
      = di as txt _column(71) "regulation" _c
      - local col = `col' + `wid'
      = local col = 71 + 14
      - }
      - di as `sty'
      = di as txt
      - }
      - local top = min((`cols')*`lines'+`i', `n')
      = local top = min((6)*5+2, 28)
      - local col = `indent' + 1
      = local col = 0 + 1
      - forvalues j=`i'(`lines')`top' {
      = forvalues j=2(5)28 {
      - local x : word `j' of `0'
      = local x : word 2 of   ln_y growth hc gvmnt_c gcf ext_bal trade inflation fem_emp to
> t_emp inf_mort lexp tfr age_dep_old age_dep_yo~g urban yrsoffc military competitiv~g comp
> etitiv~c parliament~y presidential voice stability effectiven~s regulation law corruption
      - di as `sty' _column(`col') "`x'" _c
      = di as txt _column(1) "growth" _c
      - local col = `col' + `wid'
      = local col = 1 + 14
      - }
      - local x : word `j' of `0'
      = local x : word 7 of   ln_y growth hc gvmnt_c gcf ext_bal trade inflation fem_emp to
> t_emp inf_mort lexp tfr age_dep_old age_dep_yo~g urban yrsoffc military competitiv~g comp
> etitiv~c parliament~y presidential voice stability effectiven~s regulation law corruption
      - di as `sty' _column(`col') "`x'" _c
      = di as txt _column(15) "trade" _c
      - local col = `col' + `wid'
      = local col = 15 + 14
      - }
      - local x : word `j' of `0'
      = local x : word 12 of   ln_y growth hc gvmnt_c gcf ext_bal trade inflation fem_emp t
> ot_emp inf_mort lexp tfr age_dep_old age_dep_yo~g urban yrsoffc military competitiv~g com
> petitiv~c parliament~y presidential voice stability effectiven~s regulation law corruptio
> n
      - di as `sty' _column(`col') "`x'" _c
      = di as txt _column(29) "lexp" _c
      - local col = `col' + `wid'
      = local col = 29 + 14
      - }
      - local x : word `j' of `0'
      = local x : word 17 of   ln_y growth hc gvmnt_c gcf ext_bal trade inflation fem_emp t
> ot_emp inf_mort lexp tfr age_dep_old age_dep_yo~g urban yrsoffc military competitiv~g com
> petitiv~c parliament~y presidential voice stability effectiven~s regulation law corruptio
> n
      - di as `sty' _column(`col') "`x'" _c
      = di as txt _column(43) "yrsoffc" _c
      - local col = `col' + `wid'
      = local col = 43 + 14
      - }
      - local x : word `j' of `0'
      = local x : word 22 of   ln_y growth hc gvmnt_c gcf ext_bal trade inflation fem_emp t
> ot_emp inf_mort lexp tfr age_dep_old age_dep_yo~g urban yrsoffc military competitiv~g com
> petitiv~c parliament~y presidential voice stability effectiven~s regulation law corruptio
> n
      - di as `sty' _column(`col') "`x'" _c
      = di as txt _column(57) "presidential" _c
      - local col = `col' + `wid'
      = local col = 57 + 14
      - }
      - local x : word `j' of `0'
      = local x : word 27 of   ln_y growth hc gvmnt_c gcf ext_bal trade inflation fem_emp t
> ot_emp inf_mort lexp tfr age_dep_old age_dep_yo~g urban yrsoffc military competitiv~g com
> petitiv~c parliament~y presidential voice stability effectiven~s regulation law corruptio
> n
      - di as `sty' _column(`col') "`x'" _c
      = di as txt _column(71) "law" _c
      - local col = `col' + `wid'
      = local col = 71 + 14
      - }
      - di as `sty'
      = di as txt
      - }
      - local top = min((`cols')*`lines'+`i', `n')
      = local top = min((6)*5+3, 28)
      - local col = `indent' + 1
      = local col = 0 + 1
      - forvalues j=`i'(`lines')`top' {
      = forvalues j=3(5)28 {
      - local x : word `j' of `0'
      = local x : word 3 of   ln_y growth hc gvmnt_c gcf ext_bal trade inflation fem_emp to
> t_emp inf_mort lexp tfr age_dep_old age_dep_yo~g urban yrsoffc military competitiv~g comp
> etitiv~c parliament~y presidential voice stability effectiven~s regulation law corruption
      - di as `sty' _column(`col') "`x'" _c
      = di as txt _column(1) "hc" _c
      - local col = `col' + `wid'
      = local col = 1 + 14
      - }
      - local x : word `j' of `0'
      = local x : word 8 of   ln_y growth hc gvmnt_c gcf ext_bal trade inflation fem_emp to
> t_emp inf_mort lexp tfr age_dep_old age_dep_yo~g urban yrsoffc military competitiv~g comp
> etitiv~c parliament~y presidential voice stability effectiven~s regulation law corruption
      - di as `sty' _column(`col') "`x'" _c
      = di as txt _column(15) "inflation" _c
      - local col = `col' + `wid'
      = local col = 15 + 14
      - }
      - local x : word `j' of `0'
      = local x : word 13 of   ln_y growth hc gvmnt_c gcf ext_bal trade inflation fem_emp t
> ot_emp inf_mort lexp tfr age_dep_old age_dep_yo~g urban yrsoffc military competitiv~g com
> petitiv~c parliament~y presidential voice stability effectiven~s regulation law corruptio
> n
      - di as `sty' _column(`col') "`x'" _c
      = di as txt _column(29) "tfr" _c
      - local col = `col' + `wid'
      = local col = 29 + 14
      - }
      - local x : word `j' of `0'
      = local x : word 18 of   ln_y growth hc gvmnt_c gcf ext_bal trade inflation fem_emp t
> ot_emp inf_mort lexp tfr age_dep_old age_dep_yo~g urban yrsoffc military competitiv~g com
> petitiv~c parliament~y presidential voice stability effectiven~s regulation law corruptio
> n
      - di as `sty' _column(`col') "`x'" _c
      = di as txt _column(43) "military" _c
      - local col = `col' + `wid'
      = local col = 43 + 14
      - }
      - local x : word `j' of `0'
      = local x : word 23 of   ln_y growth hc gvmnt_c gcf ext_bal trade inflation fem_emp t
> ot_emp inf_mort lexp tfr age_dep_old age_dep_yo~g urban yrsoffc military competitiv~g com
> petitiv~c parliament~y presidential voice stability effectiven~s regulation law corruptio
> n
      - di as `sty' _column(`col') "`x'" _c
      = di as txt _column(57) "voice" _c
      - local col = `col' + `wid'
      = local col = 57 + 14
      - }
      - local x : word `j' of `0'
      = local x : word 28 of   ln_y growth hc gvmnt_c gcf ext_bal trade inflation fem_emp t
> ot_emp inf_mort lexp tfr age_dep_old age_dep_yo~g urban yrsoffc military competitiv~g com
> petitiv~c parliament~y presidential voice stability effectiven~s regulation law corruptio
> n
      - di as `sty' _column(`col') "`x'" _c
      = di as txt _column(71) "corruption" _c
      - local col = `col' + `wid'
      = local col = 71 + 14
      - }
      - di as `sty'
      = di as txt
      - }
      - local top = min((`cols')*`lines'+`i', `n')
      = local top = min((6)*5+4, 28)
      - local col = `indent' + 1
      = local col = 0 + 1
      - forvalues j=`i'(`lines')`top' {
      = forvalues j=4(5)28 {
      - local x : word `j' of `0'
      = local x : word 4 of   ln_y growth hc gvmnt_c gcf ext_bal trade inflation fem_emp to
> t_emp inf_mort lexp tfr age_dep_old age_dep_yo~g urban yrsoffc military competitiv~g comp
> etitiv~c parliament~y presidential voice stability effectiven~s regulation law corruption
      - di as `sty' _column(`col') "`x'" _c
      = di as txt _column(1) "gvmnt_c" _c
      - local col = `col' + `wid'
      = local col = 1 + 14
      - }
      - local x : word `j' of `0'
      = local x : word 9 of   ln_y growth hc gvmnt_c gcf ext_bal trade inflation fem_emp to
> t_emp inf_mort lexp tfr age_dep_old age_dep_yo~g urban yrsoffc military competitiv~g comp
> etitiv~c parliament~y presidential voice stability effectiven~s regulation law corruption
      - di as `sty' _column(`col') "`x'" _c
      = di as txt _column(15) "fem_emp" _c
      - local col = `col' + `wid'
      = local col = 15 + 14
      - }
      - local x : word `j' of `0'
      = local x : word 14 of   ln_y growth hc gvmnt_c gcf ext_bal trade inflation fem_emp t
> ot_emp inf_mort lexp tfr age_dep_old age_dep_yo~g urban yrsoffc military competitiv~g com
> petitiv~c parliament~y presidential voice stability effectiven~s regulation law corruptio
> n
      - di as `sty' _column(`col') "`x'" _c
      = di as txt _column(29) "age_dep_old" _c
      - local col = `col' + `wid'
      = local col = 29 + 14
      - }
      - local x : word `j' of `0'
      = local x : word 19 of   ln_y growth hc gvmnt_c gcf ext_bal trade inflation fem_emp t
> ot_emp inf_mort lexp tfr age_dep_old age_dep_yo~g urban yrsoffc military competitiv~g com
> petitiv~c parliament~y presidential voice stability effectiven~s regulation law corruptio
> n
      - di as `sty' _column(`col') "`x'" _c
      = di as txt _column(43) "competitiv~g" _c
      - local col = `col' + `wid'
      = local col = 43 + 14
      - }
      - local x : word `j' of `0'
      = local x : word 24 of   ln_y growth hc gvmnt_c gcf ext_bal trade inflation fem_emp t
> ot_emp inf_mort lexp tfr age_dep_old age_dep_yo~g urban yrsoffc military competitiv~g com
> petitiv~c parliament~y presidential voice stability effectiven~s regulation law corruptio
> n
      - di as `sty' _column(`col') "`x'" _c
      = di as txt _column(57) "stability" _c
      - local col = `col' + `wid'
      = local col = 57 + 14
      - }
      - di as `sty'
      = di as txt
      - }
      - local top = min((`cols')*`lines'+`i', `n')
      = local top = min((6)*5+5, 28)
      - local col = `indent' + 1
      = local col = 0 + 1
      - forvalues j=`i'(`lines')`top' {
      = forvalues j=5(5)28 {
      - local x : word `j' of `0'
      = local x : word 5 of   ln_y growth hc gvmnt_c gcf ext_bal trade inflation fem_emp to
> t_emp inf_mort lexp tfr age_dep_old age_dep_yo~g urban yrsoffc military competitiv~g comp
> etitiv~c parliament~y presidential voice stability effectiven~s regulation law corruption
      - di as `sty' _column(`col') "`x'" _c
      = di as txt _column(1) "gcf" _c
      - local col = `col' + `wid'
      = local col = 1 + 14
      - }
      - local x : word `j' of `0'
      = local x : word 10 of   ln_y growth hc gvmnt_c gcf ext_bal trade inflation fem_emp t
> ot_emp inf_mort lexp tfr age_dep_old age_dep_yo~g urban yrsoffc military competitiv~g com
> petitiv~c parliament~y presidential voice stability effectiven~s regulation law corruptio
> n
      - di as `sty' _column(`col') "`x'" _c
      = di as txt _column(15) "tot_emp" _c
      - local col = `col' + `wid'
      = local col = 15 + 14
      - }
      - local x : word `j' of `0'
      = local x : word 15 of   ln_y growth hc gvmnt_c gcf ext_bal trade inflation fem_emp t
> ot_emp inf_mort lexp tfr age_dep_old age_dep_yo~g urban yrsoffc military competitiv~g com
> petitiv~c parliament~y presidential voice stability effectiven~s regulation law corruptio
> n
      - di as `sty' _column(`col') "`x'" _c
      = di as txt _column(29) "age_dep_yo~g" _c
      - local col = `col' + `wid'
      = local col = 29 + 14
      - }
      - local x : word `j' of `0'
      = local x : word 20 of   ln_y growth hc gvmnt_c gcf ext_bal trade inflation fem_emp t
> ot_emp inf_mort lexp tfr age_dep_old age_dep_yo~g urban yrsoffc military competitiv~g com
> petitiv~c parliament~y presidential voice stability effectiven~s regulation law corruptio
> n
      - di as `sty' _column(`col') "`x'" _c
      = di as txt _column(43) "competitiv~c" _c
      - local col = `col' + `wid'
      = local col = 43 + 14
      - }
      - local x : word `j' of `0'
      = local x : word 25 of   ln_y growth hc gvmnt_c gcf ext_bal trade inflation fem_emp t
> ot_emp inf_mort lexp tfr age_dep_old age_dep_yo~g urban yrsoffc military competitiv~g com
> petitiv~c parliament~y presidential voice stability effectiven~s regulation law corruptio
> n
      - di as `sty' _column(`col') "`x'" _c
      = di as txt _column(57) "effectiven~s" _c
      - local col = `col' + `wid'
      = local col = 57 + 14
      - }
      - di as `sty'
      = di as txt
      - }
      ------------------------------------------------------- end ds_util.DisplayInCols ---
    - }
    - return local varlist `varlist'
    = return local varlist ln_y growth hc gvmnt_c gcf ext_bal trade inflation fem_emp tot_e
> mp inf_mort lexp tfr age_dep_old age_dep_young urban yrsoffc military competitiveness_leg
>  competitiveness_exec parliamentary presidential voice stability effectiveness regulation
>  law corruption
    ----------------------------------------------------------------------- end ds_util ---
  - exit
  ------------------------------------------------------------------------------ end ds ---
- foreach var of varlist `r(varlist)' {
= foreach var of varlist ln_y growth hc gvmnt_c gcf ext_bal trade inflation fem_emp tot_emp
>  inf_mort lexp tfr age_dep_old age_dep_young urban yrsoffc military competitiveness_leg c
> ompetitiveness_exec parliamentary presidential voice stability effectiveness regulation l
> aw corruption {
- qui su `var'
= qui su ln_y
- gen `var'_norm = (`var' - r(mean) )/(r(sd))
= gen ln_y_norm = (ln_y - r(mean) )/(r(sd))
- }
- qui su `var'
= qui su growth
- gen `var'_norm = (`var' - r(mean) )/(r(sd))
= gen growth_norm = (growth - r(mean) )/(r(sd))
- }
- qui su `var'
= qui su hc
- gen `var'_norm = (`var' - r(mean) )/(r(sd))
= gen hc_norm = (hc - r(mean) )/(r(sd))
- }
- qui su `var'
= qui su gvmnt_c
- gen `var'_norm = (`var' - r(mean) )/(r(sd))
= gen gvmnt_c_norm = (gvmnt_c - r(mean) )/(r(sd))
- }
- qui su `var'
= qui su gcf
- gen `var'_norm = (`var' - r(mean) )/(r(sd))
= gen gcf_norm = (gcf - r(mean) )/(r(sd))
- }
- qui su `var'
= qui su ext_bal
- gen `var'_norm = (`var' - r(mean) )/(r(sd))
= gen ext_bal_norm = (ext_bal - r(mean) )/(r(sd))
- }
- qui su `var'
= qui su trade
- gen `var'_norm = (`var' - r(mean) )/(r(sd))
= gen trade_norm = (trade - r(mean) )/(r(sd))
- }
- qui su `var'
= qui su inflation
- gen `var'_norm = (`var' - r(mean) )/(r(sd))
= gen inflation_norm = (inflation - r(mean) )/(r(sd))
- }
- qui su `var'
= qui su fem_emp
- gen `var'_norm = (`var' - r(mean) )/(r(sd))
= gen fem_emp_norm = (fem_emp - r(mean) )/(r(sd))
- }
- qui su `var'
= qui su tot_emp
- gen `var'_norm = (`var' - r(mean) )/(r(sd))
= gen tot_emp_norm = (tot_emp - r(mean) )/(r(sd))
- }
- qui su `var'
= qui su inf_mort
- gen `var'_norm = (`var' - r(mean) )/(r(sd))
= gen inf_mort_norm = (inf_mort - r(mean) )/(r(sd))
- }
- qui su `var'
= qui su lexp
- gen `var'_norm = (`var' - r(mean) )/(r(sd))
= gen lexp_norm = (lexp - r(mean) )/(r(sd))
- }
- qui su `var'
= qui su tfr
- gen `var'_norm = (`var' - r(mean) )/(r(sd))
= gen tfr_norm = (tfr - r(mean) )/(r(sd))
- }
- qui su `var'
= qui su age_dep_old
- gen `var'_norm = (`var' - r(mean) )/(r(sd))
= gen age_dep_old_norm = (age_dep_old - r(mean) )/(r(sd))
- }
- qui su `var'
= qui su age_dep_young
- gen `var'_norm = (`var' - r(mean) )/(r(sd))
= gen age_dep_young_norm = (age_dep_young - r(mean) )/(r(sd))
- }
- qui su `var'
= qui su urban
- gen `var'_norm = (`var' - r(mean) )/(r(sd))
= gen urban_norm = (urban - r(mean) )/(r(sd))
- }
- qui su `var'
= qui su yrsoffc
- gen `var'_norm = (`var' - r(mean) )/(r(sd))
= gen yrsoffc_norm = (yrsoffc - r(mean) )/(r(sd))
- }
- qui su `var'
= qui su military
- gen `var'_norm = (`var' - r(mean) )/(r(sd))
= gen military_norm = (military - r(mean) )/(r(sd))
- }
- qui su `var'
= qui su competitiveness_leg
- gen `var'_norm = (`var' - r(mean) )/(r(sd))
= gen competitiveness_leg_norm = (competitiveness_leg - r(mean) )/(r(sd))
- }
- qui su `var'
= qui su competitiveness_exec
- gen `var'_norm = (`var' - r(mean) )/(r(sd))
= gen competitiveness_exec_norm = (competitiveness_exec - r(mean) )/(r(sd))
- }
- qui su `var'
= qui su parliamentary
- gen `var'_norm = (`var' - r(mean) )/(r(sd))
= gen parliamentary_norm = (parliamentary - r(mean) )/(r(sd))
- }
- qui su `var'
= qui su presidential
- gen `var'_norm = (`var' - r(mean) )/(r(sd))
= gen presidential_norm = (presidential - r(mean) )/(r(sd))
- }
- qui su `var'
= qui su voice
- gen `var'_norm = (`var' - r(mean) )/(r(sd))
= gen voice_norm = (voice - r(mean) )/(r(sd))
- }
- qui su `var'
= qui su stability
- gen `var'_norm = (`var' - r(mean) )/(r(sd))
= gen stability_norm = (stability - r(mean) )/(r(sd))
- }
- qui su `var'
= qui su effectiveness
- gen `var'_norm = (`var' - r(mean) )/(r(sd))
= gen effectiveness_norm = (effectiveness - r(mean) )/(r(sd))
- }
- qui su `var'
= qui su regulation
- gen `var'_norm = (`var' - r(mean) )/(r(sd))
= gen regulation_norm = (regulation - r(mean) )/(r(sd))
- }
- qui su `var'
= qui su law
- gen `var'_norm = (`var' - r(mean) )/(r(sd))
= gen law_norm = (law - r(mean) )/(r(sd))
- }
- qui su `var'
= qui su corruption
- gen `var'_norm = (`var' - r(mean) )/(r(sd))
= gen corruption_norm = (corruption - r(mean) )/(r(sd))
- }
- drop ln_y_norm
- save "${path}/Build/Output/`name'_cleaned.dta", replace
= save "/Users/frankdemacbookpro/Dropbox/SSE_yr2/Applied_Empirical/Yifan_Lyu/Task6/Build/Ou
> tput/92_02_cleaned.dta", replace
file /Users/frankdemacbookpro/Dropbox/SSE_yr2/Applied_Empirical/Yifan_Lyu/Task6/Build/Outpu
> t/92_02_cleaned.dta saved
- }
- import delimited "${path}/Build/Raw/growthdata`name'.csv", clear
= import delimited "/Users/frankdemacbookpro/Dropbox/SSE_yr2/Applied_Empirical/Yifan_Lyu/Ta
> sk6/Build/Raw/growthdata02_11.csv", clear
  ------------------------------------------------------------------------ begin import ---
  - version 12
  - local version : di "version " string(_caller()) ":"
  - gettoken subcmd 0 : 0, parse(" ,")
  - if `"`subcmd'"' == "dbase" {
  = if `"delimited"' == "dbase" {
    `version' ImpDbase `macval(0)'
    }
  - else if `"`subcmd'"' == "delim" {
  = else if `"delimited"' == "delim" {
    `version' ImpDelim `macval(0)'
    }
  - else if `"`subcmd'"' == "delimi" {
  = else if `"delimited"' == "delimi" {
    `version' ImpDelim `macval(0)'
    }
  - else if `"`subcmd'"' == "delimit" {
  = else if `"delimited"' == "delimit" {
    `version' ImpDelim `macval(0)'
    }
  - else if `"`subcmd'"' == "delimite" {
  = else if `"delimited"' == "delimite" {
    `version' ImpDelim `macval(0)'
    }
  - else if `"`subcmd'"' == "delimited" {
  = else if `"delimited"' == "delimited" {
  - `version' ImpDelim `macval(0)'
  = version 16.1: ImpDelim  "/Users/frankdemacbookpro/Dropbox/SSE_yr2/Applied_Empirical/Yif
> an_Lyu/Task6/Build/Raw/growthdata02_11.csv", clear
    ------------------------------------------------------------- begin import.ImpDelim ---
    - version 13
    - local version : di "version " string(_caller()) ":"
    - `version' import_delimited `macval(0)'
    = version 16.1: import_delimited "/Users/frankdemacbookpro/Dropbox/SSE_yr2/Applied_Empi
> rical/Yifan_Lyu/Task6/Build/Raw/growthdata02_11.csv", clear
      ---------------------------------------------------------- begin import_delimited ---
      - local ver : display "version " string(_caller()) ", missing:"
      - version 14
      - gettoken filename rest : 0, parse(" ,")
      - gettoken comma : rest, parse(" ,")
      - if (`"`filename'"' != "" & (trim(`"`comma'"') == "," | trim(`"`comma'"') == "")) {
      = if (`"/Users/frankdemacbookpro/Dropbox/SSE_yr2/Applied_Empirical/Yifan_Lyu/Task6/Bu
> ild/Raw/growthdata02_11.csv"' != "" & (trim(`","') == "," | trim(`","') == "")) {
      - local 0 `"using `0'"'
      = local 0 `"using "/Users/frankdemacbookpro/Dropbox/SSE_yr2/Applied_Empirical/Yifan_L
> yu/Task6/Build/Raw/growthdata02_11.csv", clear"'
      - }
      - capture syntax using/ [, DELIMiters(string asis) ROWRange(string) COLRange(string) 
> VARNames(string) case(string) ASDOUBle ASFLOat FAVORSTRFixed clear BINDQuotes(string) STR
> IPQuotes(string) NUMERICCols(string) STRINGCols(string) CHARSET(string) ENCoding(string) 
> PARSELocale(string) GROUPSeparator(string) DECIMALSeparator(string) MAXQUOTEDRows(string)
>  COLLAPSEDelimiters]
      - if _rc {
        syntax [anything(name=vlist id="vlist")] using/ [, DELIMiters(string asis) ROWRange
> (string) COLRange(string) VARNames(string) case(string) ASDOUBle ASFLOat FAVORSTRFixed cl
> ear BINDQuotes(string) STRIPQuotes(string) NUMERICCols(string) STRINGCols(string) CHARSET
> (string) ENCoding(string) PARSELocale(string) GROUPSeparator(string) DECIMALSeparator(str
> ing) MAXQUOTEDRows(string) COLLAPSEDelimiters]
        }
      - mata:import_delim_import_file()
        ------------------------------------------------------------------- begin clear ---
        - if _caller() < 10 {
          _clear_9 `0'
          exit
          }
        - version 10
        - syntax [anything]
        - tokenize `anything'
        = tokenize 
        - if `"`2'"' != "" {
        = if `""' != "" {
          display as err "`2' not allowed"
          exit 198
          }
        - if "`1'"=="" {
        = if ""=="" {
        - drop _all
        - label drop _all
          ----------------------------------------------------------------- begin label ---
          - version 10.0
          - local vv : display "version " string(_caller()) ", missing:"
          - gettoken val : 0
          - if (strpos("`val'", "val") > 0 ) {
          = if (strpos("drop", "val") > 0 ) {
            gettoken val 0 : 0
            syntax anything [, nofix]
            if "`fix'" != "" {
            local fix ", nofix"
            }
            gettoken var rest : anything
            while `"`rest'"' != "" {
            gettoken lab rest : rest
            local label "`lab'"
            }
            local vlist : list anything - lab
            if "`lab'" == "." {
            local lab ""
            }
            foreach var of varlist `vlist' {
            `vv' _label `val' `var' `lab' `fix'
            }
            }
          - else {
          - `vv' _label `macval(0)'
          = version 10, missing: _label drop _all
          - }
          ------------------------------------------------------------------- end label ---
        - }
        - else if "`1'"=="frames" {
        = else if ""=="frames" {
          frames reset
          }
        - else if "`1'"=="mata" {
        = else if ""=="mata" {
          mata: mata clear
          }
        - else if "`1'"=="python" {
        = else if ""=="python" {
          python clear
          }
        - else if inlist("`1'", "results", "matrix") {
        = else if inlist("", "results", "matrix") {
          return clear
          clearreturn
          ereturn clear
          sreturn clear
          _return drop _all
          if ("`1'" == "matrix") {
          matrix drop _all
          _est drop _all
          }
          }
        - else if "`1'"=="programs" {
        = else if ""=="programs" {
          program drop _all
          }
        - else if "`1'"=="ado" {
        = else if ""=="ado" {
          program drop _allado
          }
        - else if "`1'"=="rngstream" | "`1'"=="rngstreams" {
        = else if ""=="rngstream" | ""=="rngstreams" {
          set rngstream clear
          }
        - else if "`1'"=="*" | "`1'"=="all" {
        = else if ""=="*" | ""=="all" {
          capture mata: st_local("semmods", strofreal(sg__global.hasmodels()))
          capture
          if (0`semmods') {
          display as err "-clear all- not allowed while an SEM Builder is open"
          exit 1
          }
          drop _all
          frames reset
          label drop _all
          matrix drop _all
          scalar drop _all
          constraint drop _all
          eq drop _all
          file close _all
          postutil clear
          _return drop _all
          discard
          program drop _all
          timer clear
          mata: _st__put_cmd_clear()
          mata: mata clear
          python clear
          }
        - else {
          display as err "`1' not allowed"
          exit 198
          }
        --------------------------------------------------------------------- end clear ---
        ------------------------------------------------------------------- begin clear ---
        - if _caller() < 10 {
          _clear_9 `0'
          exit
          }
        - version 10
        - syntax [anything]
        - tokenize `anything'
        = tokenize 
        - if `"`2'"' != "" {
        = if `""' != "" {
          display as err "`2' not allowed"
          exit 198
          }
        - if "`1'"=="" {
        = if ""=="" {
        - drop _all
        - label drop _all
          ----------------------------------------------------------------- begin label ---
          - version 10.0
          - local vv : display "version " string(_caller()) ", missing:"
          - gettoken val : 0
          - if (strpos("`val'", "val") > 0 ) {
          = if (strpos("drop", "val") > 0 ) {
            gettoken val 0 : 0
            syntax anything [, nofix]
            if "`fix'" != "" {
            local fix ", nofix"
            }
            gettoken var rest : anything
            while `"`rest'"' != "" {
            gettoken lab rest : rest
            local label "`lab'"
            }
            local vlist : list anything - lab
            if "`lab'" == "." {
            local lab ""
            }
            foreach var of varlist `vlist' {
            `vv' _label `val' `var' `lab' `fix'
            }
            }
          - else {
          - `vv' _label `macval(0)'
          = version 10, missing: _label drop _all
          - }
          ------------------------------------------------------------------- end label ---
        - }
        - else if "`1'"=="frames" {
        = else if ""=="frames" {
          frames reset
          }
        - else if "`1'"=="mata" {
        = else if ""=="mata" {
          mata: mata clear
          }
        - else if "`1'"=="python" {
        = else if ""=="python" {
          python clear
          }
        - else if inlist("`1'", "results", "matrix") {
        = else if inlist("", "results", "matrix") {
          return clear
          clearreturn
          ereturn clear
          sreturn clear
          _return drop _all
          if ("`1'" == "matrix") {
          matrix drop _all
          _est drop _all
          }
          }
        - else if "`1'"=="programs" {
        = else if ""=="programs" {
          program drop _all
          }
        - else if "`1'"=="ado" {
        = else if ""=="ado" {
          program drop _allado
          }
        - else if "`1'"=="rngstream" | "`1'"=="rngstreams" {
        = else if ""=="rngstream" | ""=="rngstreams" {
          set rngstream clear
          }
        - else if "`1'"=="*" | "`1'"=="all" {
        = else if ""=="*" | ""=="all" {
          capture mata: st_local("semmods", strofreal(sg__global.hasmodels()))
          capture
          if (0`semmods') {
          display as err "-clear all- not allowed while an SEM Builder is open"
          exit 1
          }
          drop _all
          frames reset
          label drop _all
          matrix drop _all
          scalar drop _all
          constraint drop _all
          eq drop _all
          file close _all
          postutil clear
          _return drop _all
          discard
          program drop _all
          timer clear
          mata: _st__put_cmd_clear()
          mata: mata clear
          python clear
          }
        - else {
          display as err "`1' not allowed"
          exit 198
          }
        --------------------------------------------------------------------- end clear ---
(30 vars, 112 obs)
      - return add
      ------------------------------------------------------------ end import_delimited ---
    --------------------------------------------------------------- end import.ImpDelim ---
  - }
  - else if `"`subcmd'"' == "exc" {
  = else if `"delimited"' == "exc" {
    ImpExcel `macval(0)'
    }
  - else if `"`subcmd'"' == "exce" {
  = else if `"delimited"' == "exce" {
    ImpExcel `macval(0)'
    }
  - else if `"`subcmd'"' == "excel" {
  = else if `"delimited"' == "excel" {
    ImpExcel `macval(0)'
    }
  - else if `"`subcmd'"' == "fred" {
  = else if `"delimited"' == "fred" {
    ImpFred `macval(0)'
    }
  - else if `"`subcmd'"' == "hav" {
  = else if `"delimited"' == "hav" {
    ImpHaver `macval(0)'
    }
  - else if `"`subcmd'"' == "have" {
  = else if `"delimited"' == "have" {
    ImpHaver `macval(0)'
    }
  - else if `"`subcmd'"' == "haver" {
  = else if `"delimited"' == "haver" {
    ImpHaver `macval(0)'
    }
  - else if `"`subcmd'"' == "sas" {
  = else if `"delimited"' == "sas" {
    ImpSas `macval(0)'
    }
  - else if `"`subcmd'"' == "sasxport5" {
  = else if `"delimited"' == "sasxport5" {
    ImpSasxport5 `macval(0)'
    }
  - else if `"`subcmd'"' == "sasxport8" {
  = else if `"delimited"' == "sasxport8" {
    ImpSasxport8 `macval(0)'
    }
  - else if `"`subcmd'"' == "sasxport" {
  = else if `"delimited"' == "sasxport" {
    if (_caller() < 16) {
    ImpSasxport5 `macval(0)'
    }
    else {
    di as error "invalid syntax"
    di as error "   specify either {cmd:import sasxport5} or {cmd:import sasxport8}"
    exit 198
    }
    }
  - else if `"`subcmd'"' == "shp" {
  = else if `"delimited"' == "shp" {
    ImpShape `macval(0)'
    }
  - else if `"`subcmd'"' == "spss" {
  = else if `"delimited"' == "spss" {
    ImpSpss `macval(0)'
    }
  - else {
    display as error `"import: unknown subcommand "`subcmd'""'
    exit 198
    }
  -------------------------------------------------------------------------- end import ---
- qui ds v1 iso3, not
  ---------------------------------------------------------------------------- begin ds ---
  - version 9
  - local version : di "version " string(_caller()) ":"
  - if (_caller() <= 4) {
    `version' describe, simple
    exit
    }
  - else {
  - ds_util `0'
  = ds_util v1 iso3, not
    --------------------------------------------------------------------- begin ds_util ---
    - version 8
    - syntax [varlist] [, HAS(str asis) NOT(str asis) NOT2 INSEnsitive Detail Alpha Varwidt
> h(int 12) Skip(int 2) INDENT(int 0)]
    - if "`varlist'" == "" {
    = if "v1 iso3" == "" {
      exit
      }
    - if !inrange(`indent',0,244) {
    = if !inrange(0,0,244) {
      di as err "indent() should be in the range 0..244"
      exit 198
      }
    - if !inrange(`varwidth',5,32) {
    = if !inrange(12,5,32) {
      di as err "varwidth() should be in the range 5..32"
      exit 198
      }
    - if !inrange(`skip',1,10) {
    = if !inrange(2,1,10) {
      di as err "skip() should be in the range 1..10"
      exit 198
      }
    - local nopts = (`"`has'"' != "") + (`"`not'"' != "") + ("`not2'" != "")
    = local nopts = (`""' != "") + (`""' != "") + ("not2" != "")
    - if `nopts' == 3 {
    = if 1 == 3 {
      di as err "may not combine options has(), not(), and not"
      exit 198
      }
    - else if `nopts' == 2 {
    = else if 1 == 2 {
      if (`"`has'"' == "") {
      di as err "may not combine options not() and not"
      exit 198
      }
      else if (`"`not'"' == "") {
      di as err "may not combine options has() and not"
      exit 198
      }
      else if (`"`not2'"' == "") {
      di as err "may not combine options has() and not()"
      exit 198
      }
      }
    - if `"`not'"' != "" {
    = if `""' != "" {
      local has `"`not'"'
      local opt "not"
      }
    - else if `"`has'"' != "" {
    = else if `""' != "" {
      local opt "has"
      }
    - local inse = "`insensitive'" != ""
    = local inse = "" != ""
    - if `"`has'"' != "" {
    = if `""' != "" {
      CheckHas `"`has'"' "`opt'" "`inse'"
      if "`what'" == "varl" | "`what'" == "vall" {
      VarlVall "`what'" `"`which'"' "`varlist'" "`inse'"
      }
      else if "`what'" == "f" {
      Format `"`which'"' "`varlist'" "`inse'"
      }
      else if "`what'" == "c" {
      Char `"`which'"' "`varlist'" "`inse'"
      }
      else if "`what'" == "t" {
      Type `"`which'"' "`varlist'"
      }
      if `"`not'"' != "" {
      local varlist : list varlist - vlist
      }
      else if `"`has'"' != "" {
      local varlist "`vlist'"
      }
      }
    - if `"`not2'"' != "" {
    = if `"not2"' != "" {
    - unab all : *
      ---------------------------------------------------------------------- begin unab ---
      - version 6
      - gettoken user 0: 0, parse(" :")
      - gettoken colon 0: 0, parse(" :")
      - if `"`colon'"' != ":" { error 198 }
      = if `":"' != ":" { error 198 }
      - syntax [varlist(default=empty)] [, MIN(integer 1) MAX(integer 120000) NAME(string)]
      - c_local `user' `varlist'
      = c_local all v1 iso3 ln_y growth hc gvmnt_c gcf ext_bal trade inflation fem_emp tot_
> emp inf_mort lexp tfr age_dep_old age_dep_young urban yrsoffc military competitiveness_le
> g competitiveness_exec parliamentary presidential voice stability effectiveness regulatio
> n law corruption
      - local n : word count `varlist'
      = local n : word count v1 iso3 ln_y growth hc gvmnt_c gcf ext_bal trade inflation fem
> _emp tot_emp inf_mort lexp tfr age_dep_old age_dep_young urban yrsoffc military competiti
> veness_leg competitiveness_exec parliamentary presidential voice stability effectiveness 
> regulation law corruption
      - if `n'>=`min' & `n'<=`max' { exit }
      = if 30>=1 & 30<=120000 { exit }
      ------------------------------------------------------------------------ end unab ---
    - local varlist : list all - varlist
    - }
    - if "`varlist'" == "" {
    = if "ln_y growth hc gvmnt_c gcf ext_bal trade inflation fem_emp tot_emp inf_mort lexp 
> tfr age_dep_old age_dep_young urban yrsoffc military competitiveness_leg competitiveness_
> exec parliamentary presidential voice stability effectiveness regulation law corruption" 
> == "" {
      exit
      }
    - if "`alpha'" != "" {
    = if "" != "" {
      local varlist : list sort varlist
      }
    - if "`detail'" != "" {
    = if "" != "" {
      describe `varlist'
      }
    - else {
    - local nvar : word count `varlist'
    = local nvar : word count ln_y growth hc gvmnt_c gcf ext_bal trade inflation fem_emp to
> t_emp inf_mort lexp tfr age_dep_old age_dep_young urban yrsoffc military competitiveness_
> leg competitiveness_exec parliamentary presidential voice stability effectiveness regulat
> ion law corruption
    - local ncol = int((`:set linesize' + `skip') / (`varwidth' + `skip'))
    = local ncol = int((91 + 2) / (12 + 2))
    - local i 0
    - local vlist
    - foreach v of local varlist {
    - local vlist `"`vlist' `= abbrev("`v'",`varwidth')'"'
    = local vlist `" ln_y"'
    - }
    - local vlist `"`vlist' `= abbrev("`v'",`varwidth')'"'
    = local vlist `" ln_y growth"'
    - }
    - local vlist `"`vlist' `= abbrev("`v'",`varwidth')'"'
    = local vlist `" ln_y growth hc"'
    - }
    - local vlist `"`vlist' `= abbrev("`v'",`varwidth')'"'
    = local vlist `" ln_y growth hc gvmnt_c"'
    - }
    - local vlist `"`vlist' `= abbrev("`v'",`varwidth')'"'
    = local vlist `" ln_y growth hc gvmnt_c gcf"'
    - }
    - local vlist `"`vlist' `= abbrev("`v'",`varwidth')'"'
    = local vlist `" ln_y growth hc gvmnt_c gcf ext_bal"'
    - }
    - local vlist `"`vlist' `= abbrev("`v'",`varwidth')'"'
    = local vlist `" ln_y growth hc gvmnt_c gcf ext_bal trade"'
    - }
    - local vlist `"`vlist' `= abbrev("`v'",`varwidth')'"'
    = local vlist `" ln_y growth hc gvmnt_c gcf ext_bal trade inflation"'
    - }
    - local vlist `"`vlist' `= abbrev("`v'",`varwidth')'"'
    = local vlist `" ln_y growth hc gvmnt_c gcf ext_bal trade inflation fem_emp"'
    - }
    - local vlist `"`vlist' `= abbrev("`v'",`varwidth')'"'
    = local vlist `" ln_y growth hc gvmnt_c gcf ext_bal trade inflation fem_emp tot_emp"'
    - }
    - local vlist `"`vlist' `= abbrev("`v'",`varwidth')'"'
    = local vlist `" ln_y growth hc gvmnt_c gcf ext_bal trade inflation fem_emp tot_emp inf
> _mort"'
    - }
    - local vlist `"`vlist' `= abbrev("`v'",`varwidth')'"'
    = local vlist `" ln_y growth hc gvmnt_c gcf ext_bal trade inflation fem_emp tot_emp inf
> _mort lexp"'
    - }
    - local vlist `"`vlist' `= abbrev("`v'",`varwidth')'"'
    = local vlist `" ln_y growth hc gvmnt_c gcf ext_bal trade inflation fem_emp tot_emp inf
> _mort lexp tfr"'
    - }
    - local vlist `"`vlist' `= abbrev("`v'",`varwidth')'"'
    = local vlist `" ln_y growth hc gvmnt_c gcf ext_bal trade inflation fem_emp tot_emp inf
> _mort lexp tfr age_dep_old"'
    - }
    - local vlist `"`vlist' `= abbrev("`v'",`varwidth')'"'
    = local vlist `" ln_y growth hc gvmnt_c gcf ext_bal trade inflation fem_emp tot_emp inf
> _mort lexp tfr age_dep_old age_dep_yo~g"'
    - }
    - local vlist `"`vlist' `= abbrev("`v'",`varwidth')'"'
    = local vlist `" ln_y growth hc gvmnt_c gcf ext_bal trade inflation fem_emp tot_emp inf
> _mort lexp tfr age_dep_old age_dep_yo~g urban"'
    - }
    - local vlist `"`vlist' `= abbrev("`v'",`varwidth')'"'
    = local vlist `" ln_y growth hc gvmnt_c gcf ext_bal trade inflation fem_emp tot_emp inf
> _mort lexp tfr age_dep_old age_dep_yo~g urban yrsoffc"'
    - }
    - local vlist `"`vlist' `= abbrev("`v'",`varwidth')'"'
    = local vlist `" ln_y growth hc gvmnt_c gcf ext_bal trade inflation fem_emp tot_emp inf
> _mort lexp tfr age_dep_old age_dep_yo~g urban yrsoffc military"'
    - }
    - local vlist `"`vlist' `= abbrev("`v'",`varwidth')'"'
    = local vlist `" ln_y growth hc gvmnt_c gcf ext_bal trade inflation fem_emp tot_emp inf
> _mort lexp tfr age_dep_old age_dep_yo~g urban yrsoffc military competitiv~g"'
    - }
    - local vlist `"`vlist' `= abbrev("`v'",`varwidth')'"'
    = local vlist `" ln_y growth hc gvmnt_c gcf ext_bal trade inflation fem_emp tot_emp inf
> _mort lexp tfr age_dep_old age_dep_yo~g urban yrsoffc military competitiv~g competitiv~c"
> '
    - }
    - local vlist `"`vlist' `= abbrev("`v'",`varwidth')'"'
    = local vlist `" ln_y growth hc gvmnt_c gcf ext_bal trade inflation fem_emp tot_emp inf
> _mort lexp tfr age_dep_old age_dep_yo~g urban yrsoffc military competitiv~g competitiv~c 
> parliament~y"'
    - }
    - local vlist `"`vlist' `= abbrev("`v'",`varwidth')'"'
    = local vlist `" ln_y growth hc gvmnt_c gcf ext_bal trade inflation fem_emp tot_emp inf
> _mort lexp tfr age_dep_old age_dep_yo~g urban yrsoffc military competitiv~g competitiv~c 
> parliament~y presidential"'
    - }
    - local vlist `"`vlist' `= abbrev("`v'",`varwidth')'"'
    = local vlist `" ln_y growth hc gvmnt_c gcf ext_bal trade inflation fem_emp tot_emp inf
> _mort lexp tfr age_dep_old age_dep_yo~g urban yrsoffc military competitiv~g competitiv~c 
> parliament~y presidential voice"'
    - }
    - local vlist `"`vlist' `= abbrev("`v'",`varwidth')'"'
    = local vlist `" ln_y growth hc gvmnt_c gcf ext_bal trade inflation fem_emp tot_emp inf
> _mort lexp tfr age_dep_old age_dep_yo~g urban yrsoffc military competitiv~g competitiv~c 
> parliament~y presidential voice stability"'
    - }
    - local vlist `"`vlist' `= abbrev("`v'",`varwidth')'"'
    = local vlist `" ln_y growth hc gvmnt_c gcf ext_bal trade inflation fem_emp tot_emp inf
> _mort lexp tfr age_dep_old age_dep_yo~g urban yrsoffc military competitiv~g competitiv~c 
> parliament~y presidential voice stability effectiven~s"'
    - }
    - local vlist `"`vlist' `= abbrev("`v'",`varwidth')'"'
    = local vlist `" ln_y growth hc gvmnt_c gcf ext_bal trade inflation fem_emp tot_emp inf
> _mort lexp tfr age_dep_old age_dep_yo~g urban yrsoffc military competitiv~g competitiv~c 
> parliament~y presidential voice stability effectiven~s regulation"'
    - }
    - local vlist `"`vlist' `= abbrev("`v'",`varwidth')'"'
    = local vlist `" ln_y growth hc gvmnt_c gcf ext_bal trade inflation fem_emp tot_emp inf
> _mort lexp tfr age_dep_old age_dep_yo~g urban yrsoffc military competitiv~g competitiv~c 
> parliament~y presidential voice stability effectiven~s regulation law"'
    - }
    - local vlist `"`vlist' `= abbrev("`v'",`varwidth')'"'
    = local vlist `" ln_y growth hc gvmnt_c gcf ext_bal trade inflation fem_emp tot_emp inf
> _mort lexp tfr age_dep_old age_dep_yo~g urban yrsoffc military competitiv~g competitiv~c 
> parliament~y presidential voice stability effectiven~s regulation law corruption"'
    - }
    - DisplayInCols txt `indent' `skip' 0 `vlist'
    = DisplayInCols txt 0 2 0  ln_y growth hc gvmnt_c gcf ext_bal trade inflation fem_emp t
> ot_emp inf_mort lexp tfr age_dep_old age_dep_yo~g urban yrsoffc military competitiv~g com
> petitiv~c parliament~y presidential voice stability effectiven~s regulation law corruptio
> n
      ----------------------------------------------------- begin ds_util.DisplayInCols ---
      - gettoken sty 0 : 0
      - gettoken indent 0 : 0
      - gettoken pad 0 : 0
      - gettoken wid 0 : 0
      - local indent = cond(`indent'==. | `indent'<0, 0, `indent')
      = local indent = cond(0==. | 0<0, 0, 0)
      - local pad = cond(`pad'==. | `pad'<1, 2, `pad')
      = local pad = cond(2==. | 2<1, 2, 2)
      - local wid = cond(`wid'==. | `wid'<0, 0, `wid')
      = local wid = cond(0==. | 0<0, 0, 0)
      - local n : list sizeof 0
      - if `n'==0 {
      = if 28==0 {
        exit
        }
      - foreach x of local 0 {
      - local wid = max(`wid', length(`"`x'"'))
      = local wid = max(0, length(`"ln_y"'))
      - }
      - local wid = max(`wid', length(`"`x'"'))
      = local wid = max(4, length(`"growth"'))
      - }
      - local wid = max(`wid', length(`"`x'"'))
      = local wid = max(6, length(`"hc"'))
      - }
      - local wid = max(`wid', length(`"`x'"'))
      = local wid = max(6, length(`"gvmnt_c"'))
      - }
      - local wid = max(`wid', length(`"`x'"'))
      = local wid = max(7, length(`"gcf"'))
      - }
      - local wid = max(`wid', length(`"`x'"'))
      = local wid = max(7, length(`"ext_bal"'))
      - }
      - local wid = max(`wid', length(`"`x'"'))
      = local wid = max(7, length(`"trade"'))
      - }
      - local wid = max(`wid', length(`"`x'"'))
      = local wid = max(7, length(`"inflation"'))
      - }
      - local wid = max(`wid', length(`"`x'"'))
      = local wid = max(9, length(`"fem_emp"'))
      - }
      - local wid = max(`wid', length(`"`x'"'))
      = local wid = max(9, length(`"tot_emp"'))
      - }
      - local wid = max(`wid', length(`"`x'"'))
      = local wid = max(9, length(`"inf_mort"'))
      - }
      - local wid = max(`wid', length(`"`x'"'))
      = local wid = max(9, length(`"lexp"'))
      - }
      - local wid = max(`wid', length(`"`x'"'))
      = local wid = max(9, length(`"tfr"'))
      - }
      - local wid = max(`wid', length(`"`x'"'))
      = local wid = max(9, length(`"age_dep_old"'))
      - }
      - local wid = max(`wid', length(`"`x'"'))
      = local wid = max(11, length(`"age_dep_yo~g"'))
      - }
      - local wid = max(`wid', length(`"`x'"'))
      = local wid = max(12, length(`"urban"'))
      - }
      - local wid = max(`wid', length(`"`x'"'))
      = local wid = max(12, length(`"yrsoffc"'))
      - }
      - local wid = max(`wid', length(`"`x'"'))
      = local wid = max(12, length(`"military"'))
      - }
      - local wid = max(`wid', length(`"`x'"'))
      = local wid = max(12, length(`"competitiv~g"'))
      - }
      - local wid = max(`wid', length(`"`x'"'))
      = local wid = max(12, length(`"competitiv~c"'))
      - }
      - local wid = max(`wid', length(`"`x'"'))
      = local wid = max(12, length(`"parliament~y"'))
      - }
      - local wid = max(`wid', length(`"`x'"'))
      = local wid = max(12, length(`"presidential"'))
      - }
      - local wid = max(`wid', length(`"`x'"'))
      = local wid = max(12, length(`"voice"'))
      - }
      - local wid = max(`wid', length(`"`x'"'))
      = local wid = max(12, length(`"stability"'))
      - }
      - local wid = max(`wid', length(`"`x'"'))
      = local wid = max(12, length(`"effectiven~s"'))
      - }
      - local wid = max(`wid', length(`"`x'"'))
      = local wid = max(12, length(`"regulation"'))
      - }
      - local wid = max(`wid', length(`"`x'"'))
      = local wid = max(12, length(`"law"'))
      - }
      - local wid = max(`wid', length(`"`x'"'))
      = local wid = max(12, length(`"corruption"'))
      - }
      - local wid = `wid' + `pad'
      = local wid = 12 + 2
      - local cols = int((`c(linesize)'+1-`indent')/`wid')
      = local cols = int((91+1-0)/14)
      - if `cols' < 2 {
      = if 6 < 2 {
        if `indent' {
        local col "_column(`=`indent'+1')"
        }
        foreach x of local 0 {
        di as `sty' `col' `"`x'"'
        }
        exit
        }
      - local lines = `n'/`cols'
      = local lines = 28/6
      - local lines = int(cond(`lines'>int(`lines'), `lines'+1, `lines'))
      = local lines = int(cond(4.666666666666667>int(4.666666666666667), 4.666666666666667+
> 1, 4.666666666666667))
      - forvalues i=1(1)`lines' {
      = forvalues i=1(1)5 {
      - local top = min((`cols')*`lines'+`i', `n')
      = local top = min((6)*5+1, 28)
      - local col = `indent' + 1
      = local col = 0 + 1
      - forvalues j=`i'(`lines')`top' {
      = forvalues j=1(5)28 {
      - local x : word `j' of `0'
      = local x : word 1 of   ln_y growth hc gvmnt_c gcf ext_bal trade inflation fem_emp to
> t_emp inf_mort lexp tfr age_dep_old age_dep_yo~g urban yrsoffc military competitiv~g comp
> etitiv~c parliament~y presidential voice stability effectiven~s regulation law corruption
      - di as `sty' _column(`col') "`x'" _c
      = di as txt _column(1) "ln_y" _c
      - local col = `col' + `wid'
      = local col = 1 + 14
      - }
      - local x : word `j' of `0'
      = local x : word 6 of   ln_y growth hc gvmnt_c gcf ext_bal trade inflation fem_emp to
> t_emp inf_mort lexp tfr age_dep_old age_dep_yo~g urban yrsoffc military competitiv~g comp
> etitiv~c parliament~y presidential voice stability effectiven~s regulation law corruption
      - di as `sty' _column(`col') "`x'" _c
      = di as txt _column(15) "ext_bal" _c
      - local col = `col' + `wid'
      = local col = 15 + 14
      - }
      - local x : word `j' of `0'
      = local x : word 11 of   ln_y growth hc gvmnt_c gcf ext_bal trade inflation fem_emp t
> ot_emp inf_mort lexp tfr age_dep_old age_dep_yo~g urban yrsoffc military competitiv~g com
> petitiv~c parliament~y presidential voice stability effectiven~s regulation law corruptio
> n
      - di as `sty' _column(`col') "`x'" _c
      = di as txt _column(29) "inf_mort" _c
      - local col = `col' + `wid'
      = local col = 29 + 14
      - }
      - local x : word `j' of `0'
      = local x : word 16 of   ln_y growth hc gvmnt_c gcf ext_bal trade inflation fem_emp t
> ot_emp inf_mort lexp tfr age_dep_old age_dep_yo~g urban yrsoffc military competitiv~g com
> petitiv~c parliament~y presidential voice stability effectiven~s regulation law corruptio
> n
      - di as `sty' _column(`col') "`x'" _c
      = di as txt _column(43) "urban" _c
      - local col = `col' + `wid'
      = local col = 43 + 14
      - }
      - local x : word `j' of `0'
      = local x : word 21 of   ln_y growth hc gvmnt_c gcf ext_bal trade inflation fem_emp t
> ot_emp inf_mort lexp tfr age_dep_old age_dep_yo~g urban yrsoffc military competitiv~g com
> petitiv~c parliament~y presidential voice stability effectiven~s regulation law corruptio
> n
      - di as `sty' _column(`col') "`x'" _c
      = di as txt _column(57) "parliament~y" _c
      - local col = `col' + `wid'
      = local col = 57 + 14
      - }
      - local x : word `j' of `0'
      = local x : word 26 of   ln_y growth hc gvmnt_c gcf ext_bal trade inflation fem_emp t
> ot_emp inf_mort lexp tfr age_dep_old age_dep_yo~g urban yrsoffc military competitiv~g com
> petitiv~c parliament~y presidential voice stability effectiven~s regulation law corruptio
> n
      - di as `sty' _column(`col') "`x'" _c
      = di as txt _column(71) "regulation" _c
      - local col = `col' + `wid'
      = local col = 71 + 14
      - }
      - di as `sty'
      = di as txt
      - }
      - local top = min((`cols')*`lines'+`i', `n')
      = local top = min((6)*5+2, 28)
      - local col = `indent' + 1
      = local col = 0 + 1
      - forvalues j=`i'(`lines')`top' {
      = forvalues j=2(5)28 {
      - local x : word `j' of `0'
      = local x : word 2 of   ln_y growth hc gvmnt_c gcf ext_bal trade inflation fem_emp to
> t_emp inf_mort lexp tfr age_dep_old age_dep_yo~g urban yrsoffc military competitiv~g comp
> etitiv~c parliament~y presidential voice stability effectiven~s regulation law corruption
      - di as `sty' _column(`col') "`x'" _c
      = di as txt _column(1) "growth" _c
      - local col = `col' + `wid'
      = local col = 1 + 14
      - }
      - local x : word `j' of `0'
      = local x : word 7 of   ln_y growth hc gvmnt_c gcf ext_bal trade inflation fem_emp to
> t_emp inf_mort lexp tfr age_dep_old age_dep_yo~g urban yrsoffc military competitiv~g comp
> etitiv~c parliament~y presidential voice stability effectiven~s regulation law corruption
      - di as `sty' _column(`col') "`x'" _c
      = di as txt _column(15) "trade" _c
      - local col = `col' + `wid'
      = local col = 15 + 14
      - }
      - local x : word `j' of `0'
      = local x : word 12 of   ln_y growth hc gvmnt_c gcf ext_bal trade inflation fem_emp t
> ot_emp inf_mort lexp tfr age_dep_old age_dep_yo~g urban yrsoffc military competitiv~g com
> petitiv~c parliament~y presidential voice stability effectiven~s regulation law corruptio
> n
      - di as `sty' _column(`col') "`x'" _c
      = di as txt _column(29) "lexp" _c
      - local col = `col' + `wid'
      = local col = 29 + 14
      - }
      - local x : word `j' of `0'
      = local x : word 17 of   ln_y growth hc gvmnt_c gcf ext_bal trade inflation fem_emp t
> ot_emp inf_mort lexp tfr age_dep_old age_dep_yo~g urban yrsoffc military competitiv~g com
> petitiv~c parliament~y presidential voice stability effectiven~s regulation law corruptio
> n
      - di as `sty' _column(`col') "`x'" _c
      = di as txt _column(43) "yrsoffc" _c
      - local col = `col' + `wid'
      = local col = 43 + 14
      - }
      - local x : word `j' of `0'
      = local x : word 22 of   ln_y growth hc gvmnt_c gcf ext_bal trade inflation fem_emp t
> ot_emp inf_mort lexp tfr age_dep_old age_dep_yo~g urban yrsoffc military competitiv~g com
> petitiv~c parliament~y presidential voice stability effectiven~s regulation law corruptio
> n
      - di as `sty' _column(`col') "`x'" _c
      = di as txt _column(57) "presidential" _c
      - local col = `col' + `wid'
      = local col = 57 + 14
      - }
      - local x : word `j' of `0'
      = local x : word 27 of   ln_y growth hc gvmnt_c gcf ext_bal trade inflation fem_emp t
> ot_emp inf_mort lexp tfr age_dep_old age_dep_yo~g urban yrsoffc military competitiv~g com
> petitiv~c parliament~y presidential voice stability effectiven~s regulation law corruptio
> n
      - di as `sty' _column(`col') "`x'" _c
      = di as txt _column(71) "law" _c
      - local col = `col' + `wid'
      = local col = 71 + 14
      - }
      - di as `sty'
      = di as txt
      - }
      - local top = min((`cols')*`lines'+`i', `n')
      = local top = min((6)*5+3, 28)
      - local col = `indent' + 1
      = local col = 0 + 1
      - forvalues j=`i'(`lines')`top' {
      = forvalues j=3(5)28 {
      - local x : word `j' of `0'
      = local x : word 3 of   ln_y growth hc gvmnt_c gcf ext_bal trade inflation fem_emp to
> t_emp inf_mort lexp tfr age_dep_old age_dep_yo~g urban yrsoffc military competitiv~g comp
> etitiv~c parliament~y presidential voice stability effectiven~s regulation law corruption
      - di as `sty' _column(`col') "`x'" _c
      = di as txt _column(1) "hc" _c
      - local col = `col' + `wid'
      = local col = 1 + 14
      - }
      - local x : word `j' of `0'
      = local x : word 8 of   ln_y growth hc gvmnt_c gcf ext_bal trade inflation fem_emp to
> t_emp inf_mort lexp tfr age_dep_old age_dep_yo~g urban yrsoffc military competitiv~g comp
> etitiv~c parliament~y presidential voice stability effectiven~s regulation law corruption
      - di as `sty' _column(`col') "`x'" _c
      = di as txt _column(15) "inflation" _c
      - local col = `col' + `wid'
      = local col = 15 + 14
      - }
      - local x : word `j' of `0'
      = local x : word 13 of   ln_y growth hc gvmnt_c gcf ext_bal trade inflation fem_emp t
> ot_emp inf_mort lexp tfr age_dep_old age_dep_yo~g urban yrsoffc military competitiv~g com
> petitiv~c parliament~y presidential voice stability effectiven~s regulation law corruptio
> n
      - di as `sty' _column(`col') "`x'" _c
      = di as txt _column(29) "tfr" _c
      - local col = `col' + `wid'
      = local col = 29 + 14
      - }
      - local x : word `j' of `0'
      = local x : word 18 of   ln_y growth hc gvmnt_c gcf ext_bal trade inflation fem_emp t
> ot_emp inf_mort lexp tfr age_dep_old age_dep_yo~g urban yrsoffc military competitiv~g com
> petitiv~c parliament~y presidential voice stability effectiven~s regulation law corruptio
> n
      - di as `sty' _column(`col') "`x'" _c
      = di as txt _column(43) "military" _c
      - local col = `col' + `wid'
      = local col = 43 + 14
      - }
      - local x : word `j' of `0'
      = local x : word 23 of   ln_y growth hc gvmnt_c gcf ext_bal trade inflation fem_emp t
> ot_emp inf_mort lexp tfr age_dep_old age_dep_yo~g urban yrsoffc military competitiv~g com
> petitiv~c parliament~y presidential voice stability effectiven~s regulation law corruptio
> n
      - di as `sty' _column(`col') "`x'" _c
      = di as txt _column(57) "voice" _c
      - local col = `col' + `wid'
      = local col = 57 + 14
      - }
      - local x : word `j' of `0'
      = local x : word 28 of   ln_y growth hc gvmnt_c gcf ext_bal trade inflation fem_emp t
> ot_emp inf_mort lexp tfr age_dep_old age_dep_yo~g urban yrsoffc military competitiv~g com
> petitiv~c parliament~y presidential voice stability effectiven~s regulation law corruptio
> n
      - di as `sty' _column(`col') "`x'" _c
      = di as txt _column(71) "corruption" _c
      - local col = `col' + `wid'
      = local col = 71 + 14
      - }
      - di as `sty'
      = di as txt
      - }
      - local top = min((`cols')*`lines'+`i', `n')
      = local top = min((6)*5+4, 28)
      - local col = `indent' + 1
      = local col = 0 + 1
      - forvalues j=`i'(`lines')`top' {
      = forvalues j=4(5)28 {
      - local x : word `j' of `0'
      = local x : word 4 of   ln_y growth hc gvmnt_c gcf ext_bal trade inflation fem_emp to
> t_emp inf_mort lexp tfr age_dep_old age_dep_yo~g urban yrsoffc military competitiv~g comp
> etitiv~c parliament~y presidential voice stability effectiven~s regulation law corruption
      - di as `sty' _column(`col') "`x'" _c
      = di as txt _column(1) "gvmnt_c" _c
      - local col = `col' + `wid'
      = local col = 1 + 14
      - }
      - local x : word `j' of `0'
      = local x : word 9 of   ln_y growth hc gvmnt_c gcf ext_bal trade inflation fem_emp to
> t_emp inf_mort lexp tfr age_dep_old age_dep_yo~g urban yrsoffc military competitiv~g comp
> etitiv~c parliament~y presidential voice stability effectiven~s regulation law corruption
      - di as `sty' _column(`col') "`x'" _c
      = di as txt _column(15) "fem_emp" _c
      - local col = `col' + `wid'
      = local col = 15 + 14
      - }
      - local x : word `j' of `0'
      = local x : word 14 of   ln_y growth hc gvmnt_c gcf ext_bal trade inflation fem_emp t
> ot_emp inf_mort lexp tfr age_dep_old age_dep_yo~g urban yrsoffc military competitiv~g com
> petitiv~c parliament~y presidential voice stability effectiven~s regulation law corruptio
> n
      - di as `sty' _column(`col') "`x'" _c
      = di as txt _column(29) "age_dep_old" _c
      - local col = `col' + `wid'
      = local col = 29 + 14
      - }
      - local x : word `j' of `0'
      = local x : word 19 of   ln_y growth hc gvmnt_c gcf ext_bal trade inflation fem_emp t
> ot_emp inf_mort lexp tfr age_dep_old age_dep_yo~g urban yrsoffc military competitiv~g com
> petitiv~c parliament~y presidential voice stability effectiven~s regulation law corruptio
> n
      - di as `sty' _column(`col') "`x'" _c
      = di as txt _column(43) "competitiv~g" _c
      - local col = `col' + `wid'
      = local col = 43 + 14
      - }
      - local x : word `j' of `0'
      = local x : word 24 of   ln_y growth hc gvmnt_c gcf ext_bal trade inflation fem_emp t
> ot_emp inf_mort lexp tfr age_dep_old age_dep_yo~g urban yrsoffc military competitiv~g com
> petitiv~c parliament~y presidential voice stability effectiven~s regulation law corruptio
> n
      - di as `sty' _column(`col') "`x'" _c
      = di as txt _column(57) "stability" _c
      - local col = `col' + `wid'
      = local col = 57 + 14
      - }
      - di as `sty'
      = di as txt
      - }
      - local top = min((`cols')*`lines'+`i', `n')
      = local top = min((6)*5+5, 28)
      - local col = `indent' + 1
      = local col = 0 + 1
      - forvalues j=`i'(`lines')`top' {
      = forvalues j=5(5)28 {
      - local x : word `j' of `0'
      = local x : word 5 of   ln_y growth hc gvmnt_c gcf ext_bal trade inflation fem_emp to
> t_emp inf_mort lexp tfr age_dep_old age_dep_yo~g urban yrsoffc military competitiv~g comp
> etitiv~c parliament~y presidential voice stability effectiven~s regulation law corruption
      - di as `sty' _column(`col') "`x'" _c
      = di as txt _column(1) "gcf" _c
      - local col = `col' + `wid'
      = local col = 1 + 14
      - }
      - local x : word `j' of `0'
      = local x : word 10 of   ln_y growth hc gvmnt_c gcf ext_bal trade inflation fem_emp t
> ot_emp inf_mort lexp tfr age_dep_old age_dep_yo~g urban yrsoffc military competitiv~g com
> petitiv~c parliament~y presidential voice stability effectiven~s regulation law corruptio
> n
      - di as `sty' _column(`col') "`x'" _c
      = di as txt _column(15) "tot_emp" _c
      - local col = `col' + `wid'
      = local col = 15 + 14
      - }
      - local x : word `j' of `0'
      = local x : word 15 of   ln_y growth hc gvmnt_c gcf ext_bal trade inflation fem_emp t
> ot_emp inf_mort lexp tfr age_dep_old age_dep_yo~g urban yrsoffc military competitiv~g com
> petitiv~c parliament~y presidential voice stability effectiven~s regulation law corruptio
> n
      - di as `sty' _column(`col') "`x'" _c
      = di as txt _column(29) "age_dep_yo~g" _c
      - local col = `col' + `wid'
      = local col = 29 + 14
      - }
      - local x : word `j' of `0'
      = local x : word 20 of   ln_y growth hc gvmnt_c gcf ext_bal trade inflation fem_emp t
> ot_emp inf_mort lexp tfr age_dep_old age_dep_yo~g urban yrsoffc military competitiv~g com
> petitiv~c parliament~y presidential voice stability effectiven~s regulation law corruptio
> n
      - di as `sty' _column(`col') "`x'" _c
      = di as txt _column(43) "competitiv~c" _c
      - local col = `col' + `wid'
      = local col = 43 + 14
      - }
      - local x : word `j' of `0'
      = local x : word 25 of   ln_y growth hc gvmnt_c gcf ext_bal trade inflation fem_emp t
> ot_emp inf_mort lexp tfr age_dep_old age_dep_yo~g urban yrsoffc military competitiv~g com
> petitiv~c parliament~y presidential voice stability effectiven~s regulation law corruptio
> n
      - di as `sty' _column(`col') "`x'" _c
      = di as txt _column(57) "effectiven~s" _c
      - local col = `col' + `wid'
      = local col = 57 + 14
      - }
      - di as `sty'
      = di as txt
      - }
      ------------------------------------------------------- end ds_util.DisplayInCols ---
    - }
    - return local varlist `varlist'
    = return local varlist ln_y growth hc gvmnt_c gcf ext_bal trade inflation fem_emp tot_e
> mp inf_mort lexp tfr age_dep_old age_dep_young urban yrsoffc military competitiveness_leg
>  competitiveness_exec parliamentary presidential voice stability effectiveness regulation
>  law corruption
    ----------------------------------------------------------------------- end ds_util ---
  - exit
  ------------------------------------------------------------------------------ end ds ---
- foreach var of varlist `r(varlist)' {
= foreach var of varlist ln_y growth hc gvmnt_c gcf ext_bal trade inflation fem_emp tot_emp
>  inf_mort lexp tfr age_dep_old age_dep_young urban yrsoffc military competitiveness_leg c
> ompetitiveness_exec parliamentary presidential voice stability effectiveness regulation l
> aw corruption {
- qui su `var'
= qui su ln_y
- gen `var'_norm = (`var' - r(mean) )/(r(sd))
= gen ln_y_norm = (ln_y - r(mean) )/(r(sd))
- }
- qui su `var'
= qui su growth
- gen `var'_norm = (`var' - r(mean) )/(r(sd))
= gen growth_norm = (growth - r(mean) )/(r(sd))
- }
- qui su `var'
= qui su hc
- gen `var'_norm = (`var' - r(mean) )/(r(sd))
= gen hc_norm = (hc - r(mean) )/(r(sd))
- }
- qui su `var'
= qui su gvmnt_c
- gen `var'_norm = (`var' - r(mean) )/(r(sd))
= gen gvmnt_c_norm = (gvmnt_c - r(mean) )/(r(sd))
- }
- qui su `var'
= qui su gcf
- gen `var'_norm = (`var' - r(mean) )/(r(sd))
= gen gcf_norm = (gcf - r(mean) )/(r(sd))
- }
- qui su `var'
= qui su ext_bal
- gen `var'_norm = (`var' - r(mean) )/(r(sd))
= gen ext_bal_norm = (ext_bal - r(mean) )/(r(sd))
- }
- qui su `var'
= qui su trade
- gen `var'_norm = (`var' - r(mean) )/(r(sd))
= gen trade_norm = (trade - r(mean) )/(r(sd))
- }
- qui su `var'
= qui su inflation
- gen `var'_norm = (`var' - r(mean) )/(r(sd))
= gen inflation_norm = (inflation - r(mean) )/(r(sd))
- }
- qui su `var'
= qui su fem_emp
- gen `var'_norm = (`var' - r(mean) )/(r(sd))
= gen fem_emp_norm = (fem_emp - r(mean) )/(r(sd))
- }
- qui su `var'
= qui su tot_emp
- gen `var'_norm = (`var' - r(mean) )/(r(sd))
= gen tot_emp_norm = (tot_emp - r(mean) )/(r(sd))
- }
- qui su `var'
= qui su inf_mort
- gen `var'_norm = (`var' - r(mean) )/(r(sd))
= gen inf_mort_norm = (inf_mort - r(mean) )/(r(sd))
- }
- qui su `var'
= qui su lexp
- gen `var'_norm = (`var' - r(mean) )/(r(sd))
= gen lexp_norm = (lexp - r(mean) )/(r(sd))
- }
- qui su `var'
= qui su tfr
- gen `var'_norm = (`var' - r(mean) )/(r(sd))
= gen tfr_norm = (tfr - r(mean) )/(r(sd))
- }
- qui su `var'
= qui su age_dep_old
- gen `var'_norm = (`var' - r(mean) )/(r(sd))
= gen age_dep_old_norm = (age_dep_old - r(mean) )/(r(sd))
- }
- qui su `var'
= qui su age_dep_young
- gen `var'_norm = (`var' - r(mean) )/(r(sd))
= gen age_dep_young_norm = (age_dep_young - r(mean) )/(r(sd))
- }
- qui su `var'
= qui su urban
- gen `var'_norm = (`var' - r(mean) )/(r(sd))
= gen urban_norm = (urban - r(mean) )/(r(sd))
- }
- qui su `var'
= qui su yrsoffc
- gen `var'_norm = (`var' - r(mean) )/(r(sd))
= gen yrsoffc_norm = (yrsoffc - r(mean) )/(r(sd))
- }
- qui su `var'
= qui su military
- gen `var'_norm = (`var' - r(mean) )/(r(sd))
= gen military_norm = (military - r(mean) )/(r(sd))
- }
- qui su `var'
= qui su competitiveness_leg
- gen `var'_norm = (`var' - r(mean) )/(r(sd))
= gen competitiveness_leg_norm = (competitiveness_leg - r(mean) )/(r(sd))
- }
- qui su `var'
= qui su competitiveness_exec
- gen `var'_norm = (`var' - r(mean) )/(r(sd))
= gen competitiveness_exec_norm = (competitiveness_exec - r(mean) )/(r(sd))
- }
- qui su `var'
= qui su parliamentary
- gen `var'_norm = (`var' - r(mean) )/(r(sd))
= gen parliamentary_norm = (parliamentary - r(mean) )/(r(sd))
- }
- qui su `var'
= qui su presidential
- gen `var'_norm = (`var' - r(mean) )/(r(sd))
= gen presidential_norm = (presidential - r(mean) )/(r(sd))
- }
- qui su `var'
= qui su voice
- gen `var'_norm = (`var' - r(mean) )/(r(sd))
= gen voice_norm = (voice - r(mean) )/(r(sd))
- }
- qui su `var'
= qui su stability
- gen `var'_norm = (`var' - r(mean) )/(r(sd))
= gen stability_norm = (stability - r(mean) )/(r(sd))
- }
- qui su `var'
= qui su effectiveness
- gen `var'_norm = (`var' - r(mean) )/(r(sd))
= gen effectiveness_norm = (effectiveness - r(mean) )/(r(sd))
- }
- qui su `var'
= qui su regulation
- gen `var'_norm = (`var' - r(mean) )/(r(sd))
= gen regulation_norm = (regulation - r(mean) )/(r(sd))
- }
- qui su `var'
= qui su law
- gen `var'_norm = (`var' - r(mean) )/(r(sd))
= gen law_norm = (law - r(mean) )/(r(sd))
- }
- qui su `var'
= qui su corruption
- gen `var'_norm = (`var' - r(mean) )/(r(sd))
= gen corruption_norm = (corruption - r(mean) )/(r(sd))
- }
- drop ln_y_norm
- save "${path}/Build/Output/`name'_cleaned.dta", replace
= save "/Users/frankdemacbookpro/Dropbox/SSE_yr2/Applied_Empirical/Yifan_Lyu/Task6/Build/Ou
> tput/02_11_cleaned.dta", replace
file /Users/frankdemacbookpro/Dropbox/SSE_yr2/Applied_Empirical/Yifan_Lyu/Task6/Build/Outpu
> t/02_11_cleaned.dta saved
- }

. 
. * 
. 
. 
. log close
      name:  <unnamed>
       log:  /Users/frankdemacbookpro/Dropbox/SSE_yr2/Applied_Empirical/Yifan_Lyu/Task6/Log
> /Task6.log
  log type:  text
 closed on:   5 Oct 2021, 17:01:11
-------------------------------------------------------------------------------------------
